AA AA F1 06 00 00 00 00 00 00 4B AA AA F1 06 00 
00 00 00 FF FF 49 AA AA F1 06 00 00 00 00 FF FE 
48 AA AA F1 06 00 00 00 00 FF FD 47 AA AA F1 06 
00 00 00 00 FF FC 46 AA AA F1 06 AA AA F1 06 FF 
FD 00 00 FF F6 3C AA AA F1 06 FF FD 00 00 FF F6 
3C AA AA F1 06 FF FD 00 00 FF F6 3C AA AA F1 06 
FF FD 00 00 FF FA 00 00 00 08 4C AA AA F1 06 FF 
FA 00 00 00 0A 4E AA AA F1 06 FF FA 00 00 00 0B 
4F AA AA F1 06 FF FA 00 00 00 AA AA F1 06 00 00 
00 01 00 37 83 AA AA F1 06 00 01 00 01 00 38 85 
AA AA F1 06 00 01 00 01 00 3A AA AA F1 06 00 16 
00 02 00 56 B9 AA AA F1 06 00 16 00 01 00 57 B9 
AA AA F1 06 00 00 00 01 00 AA AA F1 06 FF F9 FF 
FE FF FB 3A AA AA F1 06 FF F8 FF FE FF FA 38 AA 
AA F1 06 FF F7 AA AA F1 06 FF E7 00 00 FF FA 2A 
AA AA F1 06 FF E8 00 00 FF FB 2C AA AA F1 06 AA 
F1 06 FF E8 00 01 00 16 49 AA AA F1 06 FF E8 00 
01 00 18 4B AA AA F1 06 FF E8 00 01 00 19 4C AA 
AA F1 06 FF E9 00 00 00 1B 4E AA AA F1 06 AA AA 
F1 06 FF ED 00 00 00 55 8C AA AA F1 06 FF EE 00 
01 00 58 91 AA AA F1 06 FF EE 00 00 00 5A 92 AA 
AA F1 06 FF EE AA AA F1 06 FF F3 00 00 00 9C D9 
AA AA F1 06 FF F4 00 00 00 9E DC AA AA F1 06 FF 
F4 00 00 00 A0 DE AA AA F1 AA AA F1 06 FF F8 00 
01 00 C9 0C AA AA F1 06 FF F8 00 01 00 CA 0D AA 
AA F1 06 FF F9 00 01 00 CB AA AA F1 06 FF FA FF 
FF 00 D4 16 AA AA F1 06 FF F9 FF FE 00 D4 14 AA 
AA F1 06 FF AA F1 06 FF EC 00 01 00 C8 FF AA AA 
F1 06 FF EC 00 01 00 C7 FE AA AA F1 06 FF AA AA 
F1 06 FF F7 00 00 00 AA EB AA AA F1 06 FF F7 00 
00 00 A8 E9 AA AA F1 AA AA F1 06 FF F8 00 02 00 
87 CB AA AA F1 06 FF F9 00 02 00 86 CB AA AA F1 
AD AA AA F1 06 FF FD 00 01 00 63 AB AA AA F1 06 
FF FD 00 01 00 61 A9 AA AA F1 06 FF FD 00 01 00 
60 A8 AA AA F1 06 FF FD 00 00 00 5E A5 AA AA F1 
06 AA AA F1 06 FF F6 00 02 00 3E 80 AA AA F1 06 
FF F6 00 02 00 3C 7E AA AA F1 06 FF F6 00 02 00 
3B 7D AA AA F1 06 FF F6 AA AA F1 06 00 06 00 03 
00 31 85 AA AA F1 06 00 06 00 03 00 31 85 AA AA 
F1 06 00 07 00 03 00 31 86 AA AA AA F1 06 00 0A 
00 02 00 45 9C AA AA F1 06 00 0A 00 02 00 46 9D 
AA AA F1 06 00 0A 00 02 00 48 9F AA AA F1 06 00 
12 00 02 00 6F CE AA AA F1 06 00 12 00 03 00 71 
D1 AA AA F1 06 00 AA F1 06 00 08 00 00 00 9A ED 
AA AA F1 06 00 08 00 00 00 9B EE AA AA F1 06 00 
04 00 04 00 BC 0F AA AA F1 06 00 06 00 03 00 BD 
11 AA AA AA AA F1 06 00 12 00 00 00 E7 44 AA AA 
F1 06 00 11 00 00 00 E8 44 AA AA F1 AA AA F1 06 
00 00 00 01 01 1C 69 AA AA F1 06 00 00 00 01 01 
1E 6B AA AA F1 06 00 01 00 00 01 20 6D AA AA F1 
06 00 01 00 00 01 22 6F AA AA F1 06 00 01 00 AA 
AA F1 06 00 0F 00 00 01 49 A4 AA AA F1 06 00 10 
00 00 01 4A A6 AA AA F1 06 00 10 00 01 01 4B A8 
AA AA F1 06 00 10 00 01 01 4B AA F1 06 00 00 FF 
FE 01 4F 98 AA AA F1 06 FF FF FF FE 01 4E 95 AA 
AA F1 06 FF FE FF FE 01 4E 94 AA AA F1 AA AA F1 
06 FF FB 00 02 01 31 79 AA AA F1 06 FF FC 00 02 
01 2F 78 AA AA F1 06 FF FE 00 02 01 AA AA F1 06 
00 01 FF FE 01 0F 59 AA AA F1 06 00 01 FF FE 01 
0E 58 AA AA F1 06 00 AA F1 06 FF FD FF FF 00 F6 
3B AA AA F1 06 FF FD FF FF 00 F5 3A AA AA F1 06 
AA AA F1 06 FF F7 00 00 00 E6 27 AA AA F1 06 FF 
F7 00 00 00 E5 26 AA AA AA AA F1 06 FF F5 FF FE 
00 D2 0E AA AA F1 06 FF F3 FF FD 00 D1 0A AA AA 
F1 06 FF F2 FF FD 00 D0 AA AA F1 06 FF EC 00 00 
00 B8 EE AA AA F1 06 FF EC 00 00 00 B7 ED AA AA 
F1 06 FF ED 00 01 00 B6 EE AA AA F1 06 FF EE 00 
02 00 B5 EF AA AA F1 06 FF EE 00 02 00 AA AA F1 
06 FF FB 00 00 00 A7 EC AA AA F1 06 FF FA FF FF 
00 A6 E8 AA AA F1 06 FF FA FF FF 00 A6 E8 AA AA 
F1 06 FF F9 00 00 FE 00 96 D1 AA AA F1 06 FF F2 
FF FE 00 96 CF AA AA F1 06 FF F1 FF FE 00 95 CD 
AA AA F1 06 AA AA F1 06 FF EE 00 02 00 8B C5 AA 
AA F1 06 FF EE 00 02 00 8A C4 AA AA F1 06 FF EF 
00 03 AA AA F1 06 FF FB 00 01 00 96 DC AA AA F1 
06 FF FC 00 01 00 96 DD AA AA F1 06 FF FC AA AA 
F1 06 FF F6 FF FF 00 AA E8 AA AA F1 06 FF F5 FF 
FF 00 AA E7 AA AA F1 AA F1 06 FF F0 00 03 00 B6 
F3 AA AA F1 06 FF F1 00 03 00 B6 F4 AA AA AA AA 
F1 06 00 04 00 02 00 AE FF AA AA F1 06 00 04 00 
01 00 AD FD AA AA F1 06 00 04 00 01 00 AD FD AA 
AA F1 06 00 03 00 00 AA AA F1 06 FF FE 00 03 00 
9E E9 AA AA F1 06 FF FF 00 03 00 9D E9 AA AA F1 
06 FF FF 00 03 00 9D E9 AA AA F1 06 00 00 00 03 
00 9C EA 00 92 EF AA AA F1 06 00 11 00 00 00 91 
ED AA AA F1 06 00 10 00 00 00 91 EC AA AA F1 06 
00 0F 00 00 00 91 EB AA AA F1 AA AA F1 06 00 04 
00 01 00 96 E6 AA AA F1 06 00 04 00 01 00 97 E7 
AA AA F1 06 00 04 00 01 00 AA F1 06 00 02 00 00 
00 B4 01 AA AA F1 06 00 02 00 00 00 B6 03 AA AA 
F1 06 00 01 00 00 00 B7 03 AA AA F1 06 00 11 00 
01 00 E4 41 AA AA F1 06 00 12 00 01 00 E6 44 AA 
AA F1 06 00 12 AA AA F1 06 00 07 FF FE 01 19 69 
AA AA F1 06 00 06 FF FE 01 1B 6A AA AA F1 00 00 
01 47 94 AA AA F1 06 00 01 00 00 01 49 96 AA AA 
F1 06 00 02 00 AA AA F1 06 00 10 00 01 01 73 D0 
AA AA F1 06 00 10 00 01 01 75 D2 AA AA F1 06 00 
10 00 01 01 76 D3 AA AA F1 06 00 11 00 01 01 77 
D5 AA AA F1 06 FF FE FF FF 01 92 D9 AA AA F1 06 
FF FD FF FF 01 93 D9 AA AA F1 06 FF FD 00 00 01 
94 DC AA AA F1 06 FF FD 00 AA AA F1 06 FF FE FF 
FF 01 9E E5 AA AA F1 06 FF FE 00 00 01 9F E8 AA 
AA F1 06 FF FE 00 00 01 9F E8 AA AA F1 06 FF FD 
00 00 01 9D E5 AA AA F1 06 FF FD 00 00 01 9D E5 
AA AA F1 06 FF FD 00 00 FF FC 00 00 01 8F D6 AA 
AA F1 06 FF FC 00 00 01 8E D5 AA AA F1 06 FF FC 
00 00 AA AA F1 06 FF F6 FF FF 01 78 B7 AA AA F1 
06 FF F6 FF FF 01 77 B6 AA AA F1 06 AA AA F1 06 
FF F7 FF FF 01 5B 9B AA AA F1 06 FF F6 FF FE 01 
5A 98 AA AA F1 06 FF 69 AA AA F1 06 FF E9 00 00 
01 34 68 AA AA F1 06 FF E9 00 00 01 33 67 AA AA 
AA AA F1 06 FF F5 00 02 01 13 55 AA AA F1 06 FF 
F6 00 02 01 12 55 AA AA F1 06 FF F7 00 02 01 12 
56 AA AA F1 06 FF F8 00 02 01 AA F1 06 FF FB 00 
00 00 FD 42 AA AA F1 06 FF FC 00 01 00 FD 44 AA 
AA F1 06 FF FC 00 01 00 FC 43 AA AA F1 06 FF FC 
00 01 00 FB 42 AA AA F1 06 AA AA F1 06 FF EF FF 
FD 00 EC 21 AA AA F1 06 FF ED FF FD 00 EB 1E AA 
AA F1 06 FF EB FF FC 00 EB 1B AA AA F1 06 FF AA 
AA F1 06 FF F3 00 02 00 D9 18 AA AA F1 06 FF F3 
00 02 00 D8 17 AA AA F1 06 FF F3 00 02 00 00 BF 
0C AA AA F1 06 00 01 00 01 00 BE 0B AA AA F1 06 
00 01 00 01 00 BD 0A AA AA F1 06 00 00 AA AA F1 
06 FF F4 00 02 00 A9 E9 AA AA F1 06 FF F5 00 02 
00 A9 EA AA AA F1 06 FF AA F1 06 00 07 00 02 00 
A7 FB AA AA F1 06 00 08 00 02 00 A7 FC AA AA F1 
06 00 AA AA F1 06 00 00 00 00 00 A8 F3 AA AA F1 
06 00 00 00 00 00 A9 AA AA F1 06 FF FE 00 01 00 
A9 F2 AA AA F1 06 FF FE 00 01 00 AA F3 AA AA F1 
06 FF FF 00 01 00 AA F4 AA AA F1 06 FF FF 00 01 
00 AA F4 AA 01 00 AE 00 AA AA F1 06 00 07 00 01 
00 AE 01 AA AA F1 06 00 07 00 01 00 AE 01 AA AA 
F1 06 00 07 00 00 00 AE 00 AA AA AA AA F1 06 00 
00 00 00 00 A8 F3 AA AA F1 06 00 00 00 00 00 A8 
F3 AA AA F1 06 00 00 00 00 00 A7 F2 AA AA F1 06 
00 01 00 00 00 93 DF AA AA F1 06 00 02 00 00 00 
92 DF AA AA F1 06 00 02 00 00 00 91 AA AA F1 06 
00 01 00 00 00 64 B0 AA AA F1 06 00 01 00 00 00 
62 AE AA AA F1 06 00 01 AA AA F1 06 00 00 00 00 
00 24 6F AA AA F1 06 00 00 00 00 00 21 6C AA AA 
F1 06 00 00 00 00 00 FF E3 2E AA AA F1 06 00 01 
00 00 FF E0 2B AA AA F1 06 00 01 AA AA F1 06 FF 
FE 00 00 FF 8C D3 AA AA F1 06 FF FE 00 00 FF 89 
D0 AA AA F1 AA AA F1 06 FF FD 00 00 FF 3D 83 AA 
AA F1 06 FF FC 00 00 FF 3B 80 AA AA F1 06 FF FC 
00 00 FF 38 7D AA AA F1 06 FF FB 00 00 FF 35 AA 
AA F1 06 FF F8 00 00 FF 0F 50 AA AA F1 06 FF F7 
00 00 FF 0F 4F AA AA F1 06 FF F7 00 00 FF 0F 4F 
AA AA F1 06 FF F7 00 00 FF 0F 4F AA AA AA F1 06 
FF F7 00 00 FF 14 54 AA AA F1 06 FF F7 00 00 FF 
15 55 AA AA F1 06 FF F7 00 00 FF 15 55 AA AA F1 
F8 00 01 FF 1D 5F AA AA F1 06 FF F8 00 00 FF 1C 
5D AA AA F1 06 FF F8 00 00 FF 1C 5D AA AA F1 06 
FF AA AA F1 06 FF F5 00 00 FF 02 40 AA AA F1 06 
FF F6 00 00 FF 00 3F AA AA F1 06 FF F6 00 00 FE 
FF 3D AA AA F1 06 FF F6 00 01 FE FE 3D AA AA F1 
06 FF F6 00 01 FE FD 3C AA AA F1 06 FF F7 00 01 
FE FC 3C AA AA F1 06 FF F7 00 02 FE FB FF AA AA 
F1 06 FF F6 00 01 FE FE 3D AA AA F1 06 FF F6 00 
01 FE FD 3C AA AA F1 06 FF F7 00 01 FE FC 3C AA 
AA F1 06 FF F7 00 02 FE FB FF F9 00 00 FF 1A 5C 
AA AA F1 06 FF F9 00 00 FF 19 5B AA AA F1 06 FF 
F9 00 00 FF 18 5A AA AA F1 06 FF F9 00 00 FF 17 
59 AA AA F1 06 FF F9 00 00 FF 16 58 AA AA F1 06 
FF F9 00 00 FF 15 57 AA AA F1 06 FF F8 00 00 FF 
14 55 AA AA F1 06 FF F8 00 00 FF 13 54 AA AA F1 
06 FF F8 00 00 FF 12 53 AA AA F1 06 FF F8 00 00 
FF 11 52 AA AA F1 06 FF F8 00 00 FF 10 51 AA AA 
F1 06 FF F8 00 00 FF 0E 4F AA AA F1 06 FF F7 00 
00 FF 0D 4D AA AA F1 06 FF F7 00 00 FF 0C 4C AA 
AA F1 06 FF F7 00 00 FF 0A 4A AA AA F1 06 FF F7 
00 00 FF 09 49 AA AA F1 06 FF F7 00 00 FF 08 48 
AA AA F1 06 FF F6 00 00 FF 07 46 AA AA F1 06 FF 
F6 00 00 FF 05 44 AA AA F1 06 FF F6 00 00 FF 04 
43 AA AA F1 06 FF F6 00 00 FF 03 42 06 FF F6 00 
01 FE FE 3D AA AA F1 06 FF F6 00 01 FE FD 3C AA 
AA F1 06 FF F7 00 01 FE FC 3C AA AA F1 06 FF F7 
00 02 FE FB FF F9 00 00 FF 1A 5C AA AA F1 06 FF 
F9 00 00 FF 19 5B AA AA F1 06 FF F9 00 00 FF 18 
5A AA AA F1 06 FF F9 00 00 FF 17 59 AA AA F1 06 
FF F9 00 00 FF 16 58 AA AA F1 06 FF F9 00 00 FF 
15 57 AA AA F1 06 FF F8 00 00 FF 14 55 AA AA F1 
06 FF F8 00 00 FF 13 54 AA AA F1 06 FF F8 00 00 
FF 12 53 AA AA F1 06 FF F8 00 00 FF 11 52 AA AA 
F1 06 FF F8 00 00 FF 10 51 AA AA F1 06 FF F8 00 
00 FF 0E 4F AA AA F1 06 FF F7 00 00 FF 0D 4D AA 
AA F1 06 FF F7 00 00 FF 0C 4C AA AA F1 06 FF F7 
00 00 FF 0A 4A AA AA F1 06 FF F7 00 00 FF 09 49 
AA AA F1 06 FF F7 00 00 FF 08 48 AA AA F1 06 FF 
F6 00 00 FF 07 46 AA AA F1 06 FF F6 00 00 FF 05 
44 AA AA F1 06 FF F6 00 00 FF 04 43 AA AA F1 06 
FF F6 00 00 FF 03 AA F1 06 FF F6 00 01 FE FD 3C 
AA AA F1 06 FF F7 00 01 FE FC 3C AA AA F1 06 FF 
F7 00 02 FE FB FF F9 00 00 FF 1A 5C AA AA F1 06 
FF F9 00 00 FF 19 5B AA AA F1 06 FF F9 00 00 FF 
18 5A AA AA F1 06 FF F9 00 00 FF 17 59 AA AA F1 
06 FF F9 00 00 FF 16 58 AA AA F1 06 FF F9 00 00 
FF 15 57 AA AA F1 06 FF F8 00 00 FF 14 55 AA AA 
F1 06 FF F8 00 00 FF 13 54 AA AA F1 06 FF F8 00 
00 FF 12 53 AA AA F1 06 FF F8 00 00 FF 11 52 AA 
AA F1 06 FF F8 00 00 FF 10 51 AA AA F1 06 FF F8 
00 00 FF 0E 4F AA AA F1 06 FF F7 00 00 FF 0D 4D 
AA AA F1 06 FF F7 00 00 FF 0C 4C AA AA F1 06 FF 
F7 00 00 FF 0A 4A AA AA F1 06 FF F7 00 00 FF 09 
49 AA AA F1 06 FF F7 00 00 FF 08 48 AA AA F1 06 
FF F6 00 00 FF 07 46 AA AA F1 06 FF F6 00 00 FF 
05 44 AA AA F1 06 FF F6 00 00 FF 04 43 AA AA F1 
06 FF 3D AA AA F1 06 FF F6 00 01 FE FD 3C AA AA 
F1 06 FF F7 00 01 FE FC 3C AA AA F1 06 FF F7 00 
02 FE FB FF F9 00 00 FF 1A 5C AA AA F1 06 FF F9 
00 00 FF 19 5B AA AA F1 06 FF F9 00 00 FF 18 5A 
AA AA F1 06 FF F9 00 00 FF 17 59 AA AA F1 06 FF 
F9 00 00 FF 16 58 AA AA F1 06 FF F9 00 00 FF 15 
57 AA AA F1 06 FF F8 00 00 FF 14 55 AA AA F1 06 
FF F8 00 00 FF 13 54 AA AA F1 06 FF F8 00 00 FF 
12 53 AA AA F1 06 FF F8 00 00 FF 11 52 AA AA F1 
06 FF F8 00 00 FF 10 51 AA AA F1 06 FF F8 00 00 
FF 0E 4F AA AA F1 06 FF F7 00 00 FF 0D 4D AA AA 
F1 06 FF F7 00 00 FF 0C 4C AA AA F1 06 FF F7 00 
00 FF 0A 4A AA AA F1 06 FF F7 00 00 FF 09 49 AA 
AA F1 06 FF F7 00 00 FF 08 48 AA AA F1 06 FF F6 
00 00 FF 07 46 AA AA F1 06 FF F6 00 00 FF 05 44 
AA AA F1 06 FF F6 00 00 FF 04 43 AA AA F1 06 FF 
F6 00 00 FF 03 42 00 00 FF 10 51 06 FF F6 00 00 
FE FF 3D AA AA F1 06 FF F6 00 01 FE FE 3D AA AA 
F1 06 FF F6 00 01 FE FD 3C AA AA F1 06 FF F7 00 
01 FE FC 3C AA AA F1 06 FF F7 00 02 FE FB FF F9 
00 00 FF 1A 5C AA AA F1 06 FF F9 00 00 FF 19 5B 
AA AA F1 06 FF F9 00 00 FF 18 5A AA AA F1 06 FF 
F9 00 00 FF 17 59 AA AA F1 06 FF F9 00 00 FF 16 
58 AA AA F1 06 FF F9 00 00 FF 15 57 AA AA F1 06 
FF F8 00 00 FF 14 55 AA AA F1 06 FF F8 00 00 FF 
13 54 AA AA F1 06 FF F8 00 00 FF 12 53 AA AA F1 
06 FF F8 00 00 FF 11 52 AA AA F1 06 FF F8 00 00 
FF 10 51 AA AA F1 06 FF F8 00 00 FF 0E 4F AA AA 
F1 06 FF F7 00 00 FF 0D 4D AA AA F1 06 FF F7 00 
00 FF 0C 4C AA AA F1 06 FF F7 00 00 FF 0A 4A AA 
AA F1 06 FF F7 00 00 FF 09 49 AA AA F1 06 FF F7 
00 00 FF 08 48 AA AA F1 06 FF F6 00 00 FF 07 46 
AA AA F1 06 FF F6 00 00 FF 05 44 AA AA F1 06 FF 
F6 00 00 FF 04 43 AA AA F1 06 FF AA AA F1 06 FF 
F6 00 00 FE FF 3D AA AA F1 06 FF F6 00 01 FE FE 
3D AA AA F1 06 FF F6 00 01 FE FD 3C AA AA F1 06 
FF F7 00 01 FE FC 3C AA AA F1 06 FF F7 00 02 FE 
FB FF F9 00 00 FF 1A 5C AA AA F1 06 FF F9 00 00 
FF 19 5B AA AA F1 06 FF F9 00 00 FF 18 5A AA AA 
F1 06 FF F9 00 00 FF 17 59 AA AA F1 06 FF F9 00 
00 FF 16 58 AA AA F1 06 FF F9 00 00 FF 15 57 AA 
AA F1 06 FF F8 00 00 FF 14 55 AA AA F1 06 FF F8 
00 00 FF 13 54 AA AA F1 06 FF F8 00 00 FF 12 53 
AA AA F1 06 FF F8 00 00 FF 11 52 AA AA F1 06 FF 
F8 00 00 FF 10 51 AA AA F1 06 FF F8 00 00 FF 0E 
4F AA AA F1 06 FF F7 00 00 FF 0D 4D AA AA F1 06 
FF F7 00 00 FF 0C 4C AA AA F1 06 FF F7 00 00 FF 
0A 4A AA AA F1 06 FF F7 00 00 FF 09 49 AA AA F1 
06 FF F7 00 00 FF 08 48 AA AA F1 06 FF F6 00 00 
FF 07 46 AA AA F1 06 FF F6 00 00 FF 05 44 AA AA 
F1 06 FF F6 00 00 FF 04 43 AA AA F1 06 FF F6 00 
00 FF 03 00 FE FF 3D AA AA F1 06 FF F6 00 01 FE 
FE 3D AA AA F1 06 FF F6 00 01 FE FD 3C AA AA F1 
06 FF F7 00 01 FE FC 3C AA AA F1 06 FF F7 00 02 
FE FB FF F9 00 00 FF 1A 5C AA AA F1 06 FF F9 00 
00 FF 19 5B AA AA F1 06 FF F9 00 00 FF 18 5A AA 
AA F1 06 FF F9 00 00 FF 17 59 AA AA F1 06 FF F9 
00 00 FF 16 58 AA AA F1 06 FF F9 00 00 FF 15 57 
AA AA F1 06 FF F8 00 00 FF 14 55 AA AA F1 06 FF 
F8 00 00 FF 13 54 AA AA F1 06 FF F8 00 00 FF 12 
53 AA AA F1 06 FF F8 00 00 FF 11 52 AA AA F1 06 
FF F8 00 00 FF 10 51 AA AA F1 06 FF F8 00 00 FF 
0E 4F AA AA F1 06 FF F7 00 00 FF 0D 4D AA AA F1 
06 FF F7 00 00 FF 0C 4C AA AA F1 06 FF F7 00 00 
FF 0A 4A AA AA F1 06 FF F7 00 00 FF 09 49 AA AA 
F1 06 FF F7 00 00 FF 08 48 AA AA F1 06 FF F6 00 
00 FF 07 46 AA AA F1 06 FF F6 00 00 FF 05 44 AA 
AA F1 06 FF F6 00 00 FF 04 43 AA AA F1 06 FF F6 
00 00 FF 03 42 00 00 FE FF 3D AA AA F1 06 FF F6 
00 01 FE FE 3D AA AA F1 06 FF F6 00 01 FE FD 3C 
AA AA F1 06 FF F7 00 01 FE FC 3C AA AA F1 06 FF 
F7 00 02 FE FB FF F9 00 00 FF 1A 5C AA AA F1 06 
FF F9 00 00 FF 19 5B AA AA F1 06 FF F9 00 00 FF 
18 5A AA AA F1 06 FF F9 00 00 FF 17 59 AA AA F1 
06 FF F9 00 00 FF 16 58 AA AA F1 06 FF F9 00 00 
FF 15 57 AA AA F1 06 FF F8 00 00 FF 14 55 AA AA 
F1 06 FF F8 00 00 FF 13 54 AA AA F1 06 FF F8 00 
00 FF 12 53 AA AA F1 06 FF F8 00 00 FF 11 52 AA 
AA F1 06 FF F8 00 00 FF 10 51 AA AA F1 06 FF F8 
00 00 FF 0E 4F AA AA F1 06 FF F7 00 00 FF 0D 4D 
AA AA F1 06 FF F7 00 00 FF 0C 4C AA AA F1 06 FF 
F7 00 00 FF 0A 4A AA AA F1 06 FF F7 00 00 FF 09 
49 AA AA F1 06 FF F7 00 00 FF 08 48 AA AA F1 06 
FF F6 00 00 FF 07 46 AA AA F1 06 FF F6 00 00 FF 
05 44 AA AA F1 06 FF F6 00 00 FF 04 43 AA AA F1 
06 FF 3D AA AA F1 06 FF F6 00 01 FE FE 3D AA AA 
F1 06 FF F6 00 01 FE FD 3C AA AA F1 06 FF F7 00 
01 FE FC 3C AA AA F1 06 FF F7 00 02 FE FB FF F9 
00 00 FF 1A 5C AA AA F1 06 FF F9 00 00 FF 19 5B 
AA AA F1 06 FF F9 00 00 FF 18 5A AA AA F1 06 FF 
F9 00 00 FF 17 59 AA AA F1 06 FF F9 00 00 FF 16 
58 AA AA F1 06 FF F9 00 00 FF 15 57 AA AA F1 06 
FF F8 00 00 FF 14 55 AA AA F1 06 FF F8 00 00 FF 
13 54 AA AA F1 06 FF F8 00 00 FF 12 53 AA AA F1 
06 FF F8 00 00 FF 11 52 AA AA F1 06 FF F8 00 00 
FF 10 51 AA AA F1 06 FF F8 00 00 FF 0E 4F AA AA 
F1 06 FF F7 00 00 FF 0D 4D AA AA F1 06 FF F7 00 
00 FF 0C 4C AA AA F1 06 FF F7 00 00 FF 0A 4A AA 
AA F1 06 FF F7 00 00 FF 09 49 AA AA F1 06 FF F7 
00 00 FF 08 48 AA AA F1 06 FF F6 00 00 FF 07 46 
AA AA F1 06 FF F6 00 00 FF 05 44 AA AA F1 06 FF 
F6 00 00 FF 04 43 AA AA F1 06 FF F6 00 00 FF 03 
42 00 00 FF 10 51 AA AA F1 06 FF F6 00 01 FE FE 
3D AA AA F1 06 FF F6 00 01 FE FD 3C AA AA F1 06 
FF F7 00 01 FE FC 3C AA AA F1 06 FF F7 00 02 FE 
FB FF F9 00 00 FF 1A 5C AA AA F1 06 FF F9 00 00 
FF 19 5B AA AA F1 06 FF F9 00 00 FF 18 5A AA AA 
F1 06 FF F9 00 00 FF 17 59 AA AA F1 06 FF F9 00 
00 FF 16 58 AA AA F1 06 FF F9 00 00 FF 15 57 AA 
AA F1 06 FF F8 00 00 FF 14 55 AA AA F1 06 FF F8 
00 00 FF 13 54 AA AA F1 06 FF F8 00 00 FF 12 53 
AA AA F1 06 FF F8 00 00 FF 11 52 AA AA F1 06 FF 
F8 00 00 FF 10 51 AA AA F1 06 FF F8 00 00 FF 0E 
4F AA AA F1 06 FF F7 00 00 FF 0D 4D AA AA F1 06 
FF F7 00 00 FF 0C 4C AA AA F1 06 FF F7 00 00 FF 
0A 4A AA AA F1 06 FF F7 00 00 FF 09 49 AA AA F1 
06 FF F7 00 00 FF 08 48 AA AA F1 06 FF F6 00 00 
FF 07 46 AA AA F1 06 FF F6 00 00 FF 05 44 AA AA 
F1 06 FF F6 00 00 FF 04 43 AA AA F1 06 FF 00 01 
FE FE 3D AA AA F1 06 FF F6 00 01 FE FD 3C AA AA 
F1 06 FF F7 00 01 FE FC 3C AA AA F1 06 FF F7 00 
02 FE FB FF F9 00 00 FF 1A 5C AA AA F1 06 FF F9 
00 00 FF 19 5B AA AA F1 06 FF F9 00 00 FF 18 5A 
AA AA F1 06 FF F9 00 00 FF 17 59 AA AA F1 06 FF 
F9 00 00 FF 16 58 AA AA F1 06 FF F9 00 00 FF 15 
57 AA AA F1 06 FF F8 00 00 FF 14 55 AA AA F1 06 
FF F8 00 00 FF 13 54 AA AA F1 06 FF F8 00 00 FF 
12 53 AA AA F1 06 FF F8 00 00 FF 11 52 AA AA F1 
06 FF F8 00 00 FF 10 51 AA AA F1 06 FF F8 00 00 
FF 0E 4F AA AA F1 06 FF F7 00 00 FF 0D 4D AA AA 
F1 06 FF F7 00 00 FF 0C 4C AA AA F1 06 FF F7 00 
00 FF 0A 4A AA AA F1 06 FF F7 00 00 FF 09 49 AA 
AA F1 06 FF F7 00 00 FF 08 48 AA AA F1 06 FF F6 
00 00 FF 07 46 AA AA F1 06 FF F6 00 00 FF 05 44 
AA AA F1 06 FF F6 00 00 FF 04 43 AA AA F1 06 FF 
F6 00 00 FF AA F1 06 FF F6 00 01 FE FD 3C AA AA 
F1 06 FF F7 00 01 FE FC 3C AA AA F1 06 FF F7 00 
02 FE FB FF F9 00 00 FF 1A 5C AA AA F1 06 FF F9 
00 00 FF 19 5B AA AA F1 06 FF F9 00 00 FF 18 5A 
AA AA F1 06 FF F9 00 00 FF 17 59 AA AA F1 06 FF 
F9 00 00 FF 16 58 AA AA F1 06 FF F9 00 00 FF 15 
57 AA AA F1 06 FF F8 00 00 FF 14 55 AA AA F1 06 
FF F8 00 00 FF 13 54 AA AA F1 06 FF F8 00 00 FF 
12 53 AA AA F1 06 FF F8 00 00 FF 11 52 AA AA F1 
06 FF F8 00 00 FF 10 51 AA AA F1 06 FF F8 00 00 
FF 0E 4F AA AA F1 06 FF F7 00 00 FF 0D 4D AA AA 
F1 06 FF F7 00 00 FF 0C 4C AA AA F1 06 FF F7 00 
00 FF 0A 4A AA AA F1 06 FF F7 00 00 FF 09 49 AA 
AA F1 06 FF F7 00 00 FF 08 48 AA AA F1 06 FF F6 
00 00 FF 07 46 AA AA F1 06 FF F6 00 00 FF 05 44 
AA AA F1 06 FF F6 00 00 FF 04 43 AA AA F1 06 FF 
F6 00 00 FF 03 42 00 3F AA AA F1 06 FF F6 00 00 
FE FF 3D AA AA F1 06 FF F6 00 01 FE FE 3D AA AA 
F1 06 FF F6 00 01 FE FD 3C AA AA F1 06 FF F7 00 
01 FE FC 3C AA AA F1 06 FF F7 00 02 FE FB FF F9 
00 00 FF 1A 5C AA AA F1 06 FF F9 00 00 FF 19 5B 
AA AA F1 06 FF F9 00 00 FF 18 5A AA AA F1 06 FF 
F9 00 00 FF 17 59 AA AA F1 06 FF F9 00 00 FF 16 
58 AA AA F1 06 FF F9 00 00 FF 15 57 AA AA F1 06 
FF F8 00 00 FF 14 55 AA AA F1 06 FF F8 00 00 FF 
13 54 AA AA F1 06 FF F8 00 00 FF 12 53 AA AA F1 
06 FF F8 00 00 FF 11 52 AA AA F1 06 FF F8 00 00 
FF 10 51 AA AA F1 06 FF F8 00 00 FF 0E 4F AA AA 
F1 06 FF F7 00 00 FF 0D 4D AA AA F1 06 FF F7 00 
00 FF 0C 4C AA AA F1 06 FF F7 00 00 FF 0A 4A AA 
AA F1 06 FF F7 00 00 FF 09 49 AA AA F1 06 FF F7 
00 00 FF 08 48 AA AA F1 06 FF F6 00 00 FF 07 46 
AA AA F1 06 FF F6 00 00 FF 05 44 AA AA F1 06 FF 
F6 00 00 FF 04 43 AA AA F1 06 FF FF F6 00 00 FE 
FF 3D AA AA F1 06 FF F6 00 01 FE FE 3D AA AA F1 
06 FF F6 00 01 FE FD 3C AA AA F1 06 FF F7 00 01 
FE FC 3C AA AA F1 06 FF F7 00 02 FE FB FF F9 00 
00 FF 1A 5C AA AA F1 06 FF F9 00 00 FF 19 5B AA 
AA F1 06 FF F9 00 00 FF 18 5A AA AA F1 06 FF F9 
00 00 FF 17 59 AA AA F1 06 FF F9 00 00 FF 16 58 
AA AA F1 06 FF F9 00 00 FF 15 57 AA AA F1 06 FF 
F8 00 00 FF 14 55 AA AA F1 06 FF F8 00 00 FF 13 
54 AA AA F1 06 FF F8 00 00 FF 12 53 AA AA F1 06 
FF F8 00 00 FF 11 52 AA AA F1 06 FF F8 00 00 FF 
10 51 AA AA F1 06 FF F8 00 00 FF 0E 4F AA AA F1 
06 FF F7 00 00 FF 0D 4D AA AA F1 06 FF F7 00 00 
FF 0C 4C AA AA F1 06 FF F7 00 00 FF 0A 4A AA AA 
F1 06 FF F7 00 00 FF 09 49 AA AA F1 06 FF F7 00 
00 FF 08 48 AA AA F1 06 FF F6 00 00 FF 07 46 AA 
AA F1 06 FF F6 00 00 FF 05 44 AA AA F1 06 FF F6 
00 00 FF 04 43 AA AA F1 06 FF F6 00 00 FF 03 42 
00 00 FF 10 F6 00 00 FE FF 3D AA AA F1 06 FF F6 
00 01 FE FE 3D AA AA F1 06 FF F6 00 01 FE FD 3C 
AA AA F1 06 FF F7 00 01 FE FC 3C AA AA F1 06 FF 
F7 00 02 FE FB FF F9 00 00 FF 1A 5C AA AA F1 06 
FF F9 00 00 FF 19 5B AA AA F1 06 FF F9 00 00 FF 
18 5A AA AA F1 06 FF F9 00 00 FF 17 59 AA AA F1 
06 FF F9 00 00 FF 16 58 AA AA F1 06 FF F9 00 00 
FF 15 57 AA AA F1 06 FF F8 00 00 FF 14 55 AA AA 
F1 06 FF F8 00 00 FF 13 54 AA AA F1 06 FF F8 00 
00 FF 12 53 AA AA F1 06 FF F8 00 00 FF 11 52 AA 
AA F1 06 FF F8 00 00 FF 10 51 AA AA F1 06 FF F8 
00 00 FF 0E 4F AA AA F1 06 FF F7 00 00 FF 0D 4D 
AA AA F1 06 FF F7 00 00 FF 0C 4C AA AA F1 06 FF 
F7 00 00 FF 0A 4A AA AA F1 06 FF F7 00 00 FF 09 
49 AA AA F1 06 FF F7 00 00 FF 08 48 AA AA F1 06 
FF F6 00 00 FF 07 46 AA AA F1 06 FF F6 00 00 FF 
05 44 AA AA F1 06 FF F6 00 00 FF 04 43 AA AA F1 
06 FF F6 FF 3D AA AA F1 06 FF F6 00 01 FE FE 3D 
AA AA F1 06 FF F6 00 01 FE FD 3C AA AA F1 06 FF 
F7 00 01 FE FC 3C AA AA F1 06 FF F7 00 02 FE FB 
FF F9 00 00 FF 1A 5C AA AA F1 06 FF F9 00 00 FF 
19 5B AA AA F1 06 FF F9 00 00 FF 18 5A AA AA F1 
06 FF F9 00 00 FF 17 59 AA AA F1 06 FF F9 00 00 
FF 16 58 AA AA F1 06 FF F9 00 00 FF 15 57 AA AA 
F1 06 FF F8 00 00 FF 14 55 AA AA F1 06 FF F8 00 
00 FF 13 54 AA AA F1 06 FF F8 00 00 FF 12 53 AA 
AA F1 06 FF F8 00 00 FF 11 52 AA AA F1 06 FF F8 
00 00 FF 10 51 AA AA F1 06 FF F8 00 00 FF 0E 4F 
AA AA F1 06 FF F7 00 00 FF 0D 4D AA AA F1 06 FF 
F7 00 00 FF 0C 4C AA AA F1 06 FF F7 00 00 FF 0A 
4A AA AA F1 06 FF F7 00 00 FF 09 49 AA AA F1 06 
FF F7 00 00 FF 08 48 AA AA F1 06 FF F6 00 00 FF 
07 46 AA AA F1 06 FF F6 00 00 FF 05 44 AA AA F1 
06 FF F6 00 00 FF 04 43 AA AA F1 06 FF F6 00 00 
FF 3D AA AA F1 06 FF F6 00 01 FE FE 3D AA AA F1 
06 FF F6 00 01 FE FD 3C AA AA F1 06 FF F7 00 01 
FE FC 3C AA AA F1 06 FF F7 00 02 FE FB FF F9 00 
00 FF 1A 5C AA AA F1 06 FF F9 00 00 FF 19 5B AA 
AA F1 06 FF F9 00 00 FF 18 5A AA AA F1 06 FF F9 
00 00 FF 17 59 AA AA F1 06 FF F9 00 00 FF 16 58 
AA AA F1 06 FF F9 00 00 FF 15 57 AA AA F1 06 FF 
F8 00 00 FF 14 55 AA AA F1 06 FF F8 00 00 FF 13 
54 AA AA F1 06 FF F8 00 00 FF 12 53 AA AA F1 06 
FF F8 00 00 FF 11 52 AA AA F1 06 FF F8 00 00 FF 
10 51 AA AA F1 06 FF F8 00 00 FF 0E 4F AA AA F1 
06 FF F7 00 00 FF 0D 4D AA AA F1 06 FF F7 00 00 
FF 0C 4C AA AA F1 06 FF F7 00 00 FF 0A 4A AA AA 
F1 06 FF F7 00 00 FF 09 49 AA AA F1 06 FF F7 00 
00 FF 08 48 AA AA F1 06 FF F6 00 00 FF 07 46 AA 
AA F1 06 FF F6 00 00 FF 05 44 AA AA F1 06 FF F6 
00 00 FF 04 43 AA AA F1 06 FF F6 00 00 FF 03 42 
00 00 F6 00 01 FE FE 3D AA AA F1 06 FF F6 00 01 
FE FD 3C AA AA F1 06 FF F7 00 01 FE FC 3C AA AA 
F1 06 FF F7 00 02 FE FB FF F9 00 00 FF 1A 5C AA 
AA F1 06 FF F9 00 00 FF 19 5B AA AA F1 06 FF F9 
00 00 FF 18 5A AA AA F1 06 FF F9 00 00 FF 17 59 
AA AA F1 06 FF F9 00 00 FF 16 58 AA AA F1 06 FF 
F9 00 00 FF 15 57 AA AA F1 06 FF F8 00 00 FF 14 
55 AA AA F1 06 FF F8 00 00 FF 13 54 AA AA F1 06 
FF F8 00 00 FF 12 53 AA AA F1 06 FF F8 00 00 FF 
11 52 AA AA F1 06 FF F8 00 00 FF 10 51 AA AA F1 
06 FF F8 00 00 FF 0E 4F AA AA F1 06 FF F7 00 00 
FF 0D 4D AA AA F1 06 FF F7 00 00 FF 0C 4C AA AA 
F1 06 FF F7 00 00 FF 0A 4A AA AA F1 06 FF F7 00 
00 FF 09 49 AA AA F1 06 FF F7 00 00 FF 08 48 AA 
AA F1 06 FF F6 00 00 FF 07 46 AA AA F1 06 FF F6 
00 00 FF 05 44 AA AA F1 06 FF F6 00 00 FF 04 43 
AA AA F1 06 FF 06 FF F6 00 01 FE FD 3C AA AA F1 
06 FF F7 00 01 FE FC 3C AA AA F1 06 FF F7 00 02 
FE FB FF F9 00 00 FF 1A 5C AA AA F1 06 FF F9 00 
00 FF 19 5B AA AA F1 06 FF F9 00 00 FF 18 5A AA 
AA F1 06 FF F9 00 00 FF 17 59 AA AA F1 06 FF F9 
00 00 FF 16 58 AA AA F1 06 FF F9 00 00 FF 15 57 
AA AA F1 06 FF F8 00 00 FF 14 55 AA AA F1 06 FF 
F8 00 00 FF 13 54 AA AA F1 06 FF F8 00 00 FF 12 
53 AA AA F1 06 FF F8 00 00 FF 11 52 AA AA F1 06 
FF F8 00 00 FF 10 51 AA AA F1 06 FF F8 00 00 FF 
0E 4F AA AA F1 06 FF F7 00 00 FF 0D 4D AA AA F1 
06 FF F7 00 00 FF 0C 4C AA AA F1 06 FF F7 00 00 
FF 0A 4A AA AA F1 06 FF F7 00 00 FF 09 49 AA AA 
F1 06 FF F7 00 00 FF 08 48 AA AA F1 06 FF F6 00 
00 FF 07 46 AA AA F1 06 FF F6 00 00 FF 05 44 AA 
AA F1 06 FF F6 00 00 FF 04 43 AA AA F1 06 FF F6 
00 00 FF 03 42 00 00 FF 10 FE 3D AA AA F1 06 FF 
F6 00 01 FE FD 3C AA AA F1 06 FF F7 00 01 FE FC 
3C AA AA F1 06 FF F7 00 02 FE FB FF F9 00 00 FF 
1A 5C AA AA F1 06 FF F9 00 00 FF 19 5B AA AA F1 
06 FF F9 00 00 FF 18 5A AA AA F1 06 FF F9 00 00 
FF 17 59 AA AA F1 06 FF F9 00 00 FF 16 58 AA AA 
F1 06 FF F9 00 00 FF 15 57 AA AA F1 06 FF F8 00 
00 FF 14 55 AA AA F1 06 FF F8 00 00 FF 13 54 AA 
AA F1 06 FF F8 00 00 FF 12 53 AA AA F1 06 FF F8 
00 00 FF 11 52 AA AA F1 06 FF F8 00 00 FF 10 51 
AA AA F1 06 FF F8 00 00 FF 0E 4F AA AA F1 06 FF 
F7 00 00 FF 0D 4D AA AA F1 06 FF F7 00 00 FF 0C 
4C AA AA F1 06 FF F7 00 00 FF 0A 4A AA AA F1 06 
FF F7 00 00 FF 09 49 AA AA F1 06 FF F7 00 00 FF 
08 48 AA AA F1 06 FF F6 00 00 FF 07 46 AA AA F1 
06 FF F6 00 00 FF 05 44 AA AA F1 06 FF F6 00 00 
FF 04 43 AA AA F1 06 FF F6 06 FF F6 00 00 FE FF 
3D AA AA F1 06 FF F6 00 01 FE FE 3D AA AA F1 06 
FF F6 00 01 FE FD 3C AA AA F1 06 FF F7 00 01 FE 
FC 3C AA AA F1 06 FF F7 00 02 FE FB FF F9 00 00 
FF 1A 5C AA AA F1 06 FF F9 00 00 FF 19 5B AA AA 
F1 06 FF F9 00 00 FF 18 5A AA AA F1 06 FF F9 00 
00 FF 17 59 AA AA F1 06 FF F9 00 00 FF 16 58 AA 
AA F1 06 FF F9 00 00 FF 15 57 AA AA F1 06 FF F8 
00 00 FF 14 55 AA AA F1 06 FF F8 00 00 FF 13 54 
AA AA F1 06 FF F8 00 00 FF 12 53 AA AA F1 06 FF 
F8 00 00 FF 11 52 AA AA F1 06 FF F8 00 00 FF 10 
51 AA AA F1 06 FF F8 00 00 FF 0E 4F AA AA F1 06 
FF F7 00 00 FF 0D 4D AA AA F1 06 FF F7 00 00 FF 
0C 4C AA AA F1 06 FF F7 00 00 FF 0A 4A AA AA F1 
06 FF F7 00 00 FF 09 49 AA AA F1 06 FF F7 00 00 
FF 08 48 AA AA F1 06 FF F6 00 00 FF 07 46 AA AA 
F1 06 FF F6 00 00 FF 05 44 AA AA F1 06 FF F6 00 
00 FF 04 43 AA AA F1 06 FF F6 F6 00 00 FE FF 3D 
AA AA F1 06 FF F6 00 01 FE FE 3D AA AA F1 06 FF 
F6 00 01 FE FD 3C AA AA F1 06 FF F7 00 01 FE FC 
3C AA AA F1 06 FF F7 00 02 FE FB FF F9 00 00 FF 
1A 5C AA AA F1 06 FF F9 00 00 FF 19 5B AA AA F1 
06 FF F9 00 00 FF 18 5A AA AA F1 06 FF F9 00 00 
FF 17 59 AA AA F1 06 FF F9 00 00 FF 16 58 AA AA 
F1 06 FF F9 00 00 FF 15 57 AA AA F1 06 FF F8 00 
00 FF 14 55 AA AA F1 06 FF F8 00 00 FF 13 54 AA 
AA F1 06 FF F8 00 00 FF 12 53 AA AA F1 06 FF F8 
00 00 FF 11 52 AA AA F1 06 FF F8 00 00 FF 10 51 
AA AA F1 06 FF F8 00 00 FF 0E 4F AA AA F1 06 FF 
F7 00 00 FF 0D 4D AA AA F1 06 FF F7 00 00 FF 0C 
4C AA AA F1 06 FF F7 00 00 FF 0A 4A AA AA F1 06 
FF F7 00 00 FF 09 49 AA AA F1 06 FF F7 00 00 FF 
08 48 AA AA F1 06 FF F6 00 00 FF 07 46 AA AA F1 
06 FF F6 00 00 FF 05 44 AA AA F1 06 FF F6 00 00 
FF 04 43 AA AA F1 06 FF F6 00 00 FF 03 42 00 00 
FF 10 FF F6 00 00 FE FF 3D AA AA F1 06 FF F6 00 
01 FE FE 3D AA AA F1 06 FF F6 00 01 FE FD 3C AA 
AA F1 06 FF F7 00 01 FE FC 3C AA AA F1 06 FF F7 
00 02 FE FB FF F9 00 00 FF 1A 5C AA AA F1 06 FF 
F9 00 00 FF 19 5B AA AA F1 06 FF F9 00 00 FF 18 
5A AA AA F1 06 FF F9 00 00 FF 17 59 AA AA F1 06 
FF F9 00 00 FF 16 58 AA AA F1 06 FF F9 00 00 FF 
15 57 AA AA F1 06 FF F8 00 00 FF 14 55 AA AA F1 
06 FF F8 00 00 FF 13 54 AA AA F1 06 FF F8 00 00 
FF 12 53 AA AA F1 06 FF F8 00 00 FF 11 52 AA AA 
F1 06 FF F8 00 00 FF 10 51 AA AA F1 06 FF F8 00 
00 FF 0E 4F AA AA F1 06 FF F7 00 00 FF 0D 4D AA 
AA F1 06 FF F7 00 00 FF 0C 4C AA AA F1 06 FF F7 
00 00 FF 0A 4A AA AA F1 06 FF F7 00 00 FF 09 49 
AA AA F1 06 FF F7 00 00 FF 08 48 AA AA F1 06 FF 
F6 00 00 FF 07 46 AA AA F1 06 FF F6 00 00 FF 05 
44 AA AA F1 06 FF F6 00 00 FF 04 43 AA AA F1 06 
FF FF F6 00 00 FE FF 3D AA AA F1 06 FF F6 00 01 
FE FE 3D AA AA F1 06 FF F6 00 01 FE FD 3C AA AA 
F1 06 FF F7 00 01 FE FC 3C AA AA F1 06 FF F7 00 
02 FE FB FF F9 00 00 FF 1A 5C AA AA F1 06 FF F9 
00 00 FF 19 5B AA AA F1 06 FF F9 00 00 FF 18 5A 
AA AA F1 06 FF F9 00 00 FF 17 59 AA AA F1 06 FF 
F9 00 00 FF 16 58 AA AA F1 06 FF F9 00 00 FF 15 
57 AA AA F1 06 FF F8 00 00 FF 14 55 AA AA F1 06 
FF F8 00 00 FF 13 54 AA AA F1 06 FF F8 00 00 FF 
12 53 AA AA F1 06 FF F8 00 00 FF 11 52 AA AA F1 
06 FF F8 00 00 FF 10 51 AA AA F1 06 FF F8 00 00 
FF 0E 4F AA AA F1 06 FF F7 00 00 FF 0D 4D AA AA 
F1 06 FF F7 00 00 FF 0C 4C AA AA F1 06 FF F7 00 
00 FF 0A 4A AA AA F1 06 FF F7 00 00 FF 09 49 AA 
AA F1 06 FF F7 00 00 FF 08 48 AA AA F1 06 FF F6 
00 00 FF 07 46 AA AA F1 06 FF F6 00 00 FF 05 44 
AA AA F1 06 FF F6 00 00 FF 04 43 AA AA F1 06 FF 
F6 00 00 FF 03 42 00 FE FF 3D AA AA F1 06 FF F6 
00 01 FE FE 3D AA AA F1 06 FF F6 00 01 FE FD 3C 
AA AA F1 06 FF F7 00 01 FE FC 3C AA AA F1 06 FF 
F7 00 02 FE FB FF F9 00 00 FF 1A 5C AA AA F1 06 
FF F9 00 00 FF 19 5B AA AA F1 06 FF F9 00 00 FF 
18 5A AA AA F1 06 FF F9 00 00 FF 17 59 AA AA F1 
06 FF F9 00 00 FF 16 58 AA AA F1 06 FF F9 00 00 
FF 15 57 AA AA F1 06 FF F8 00 00 FF 14 55 AA AA 
F1 06 FF F8 00 00 FF 13 54 AA AA F1 06 FF F8 00 
00 FF 12 53 AA AA F1 06 FF F8 00 00 FF 11 52 AA 
AA F1 06 FF F8 00 00 FF 10 51 AA AA F1 06 FF F8 
00 00 FF 0E 4F AA AA F1 06 FF F7 00 00 FF 0D 4D 
AA AA F1 06 FF F7 00 00 FF 0C 4C AA AA F1 06 FF 
F7 00 00 FF 0A 4A AA AA F1 06 FF F7 00 00 FF 09 
49 AA AA F1 06 FF F7 00 00 FF 08 48 AA AA F1 06 
FF F6 00 00 FF 07 46 AA AA F1 06 FF F6 00 00 FF 
05 44 AA AA F1 06 FF F6 00 00 FF 04 43 AA AA F1 
06 FF F6 00 00 FF AA AA F1 06 FF F6 00 01 FE FE 
3D AA AA F1 06 FF F6 00 01 FE FD 3C AA AA F1 06 
FF F7 00 01 FE FC 3C AA AA F1 06 FF F7 00 02 FE 
FB FF F9 00 00 FF 1A 5C AA AA F1 06 FF F9 00 00 
FF 19 5B AA AA F1 06 FF F9 00 00 FF 18 5A AA AA 
F1 06 FF F9 00 00 FF 17 59 AA AA F1 06 FF F9 00 
00 FF 16 58 AA AA F1 06 FF F9 00 00 FF 15 57 AA 
AA F1 06 FF F8 00 00 FF 14 55 AA AA F1 06 FF F8 
00 00 FF 13 54 AA AA F1 06 FF F8 00 00 FF 12 53 
AA AA F1 06 FF F8 00 00 FF 11 52 AA AA F1 06 FF 
F8 00 00 FF 10 51 AA AA F1 06 FF F8 00 00 FF 0E 
4F AA AA F1 06 FF F7 00 00 FF 0D 4D AA AA F1 06 
FF F7 00 00 FF 0C 4C AA AA F1 06 FF F7 00 00 FF 
0A 4A AA AA F1 06 FF F7 00 00 FF 09 49 AA AA F1 
06 FF F7 00 00 FF 08 48 AA AA F1 06 FF F6 00 00 
FF 07 46 AA AA F1 06 FF F6 00 00 FF 05 44 AA AA 
F1 06 FF F6 00 00 FF 04 43 AA AA F1 06 FF 01 FE 
FE 3D AA AA F1 06 FF F6 00 01 FE FD 3C AA AA F1 
06 FF F7 00 01 FE FC 3C AA AA F1 06 FF F7 00 02 
FE FB FF F9 00 00 FF 1A 5C AA AA F1 06 FF F9 00 
00 FF 19 5B AA AA F1 06 FF F9 00 00 FF 18 5A AA 
AA F1 06 FF F9 00 00 FF 17 59 AA AA F1 06 FF F9 
00 00 FF 16 58 AA AA F1 06 FF F9 00 00 FF 15 57 
AA AA F1 06 FF F8 00 00 FF 14 55 AA AA F1 06 FF 
F8 00 00 FF 13 54 AA AA F1 06 FF F8 00 00 FF 12 
53 AA AA F1 06 FF F8 00 00 FF 11 52 AA AA F1 06 
FF F8 00 00 FF 10 51 AA AA F1 06 FF F8 00 00 FF 
0E 4F AA AA F1 06 FF F7 00 00 FF 0D 4D AA AA F1 
06 FF F7 00 00 FF 0C 4C AA AA F1 06 FF F7 00 00 
FF 0A 4A AA AA F1 06 FF F7 00 00 FF 09 49 AA AA 
F1 06 FF F7 00 00 FF 08 48 AA AA F1 06 FF F6 00 
00 FF 07 46 AA AA F1 06 FF F6 00 00 FF 05 44 AA 
AA F1 06 FF F6 00 00 FF 04 43 AA AA F1 06 FF F6 
00 00 FF 03 42 00 00 FF 10 51 AA AA F1 06 FF F6 
00 01 FE FD 3C AA AA F1 06 FF F7 00 01 FE FC 3C 
AA AA F1 06 FF F7 00 02 FE FB FF F9 00 00 FF 1A 
5C AA AA F1 06 FF F9 00 00 FF 19 5B AA AA F1 06 
FF F9 00 00 FF 18 5A AA AA F1 06 FF F9 00 00 FF 
17 59 AA AA F1 06 FF F9 00 00 FF 16 58 AA AA F1 
06 FF F9 00 00 FF 15 57 AA AA F1 06 FF F8 00 00 
FF 14 55 AA AA F1 06 FF F8 00 00 FF 13 54 AA AA 
F1 06 FF F8 00 00 FF 12 53 AA AA F1 06 FF F8 00 
00 FF 11 52 AA AA F1 06 FF F8 00 00 FF 10 51 AA 
AA F1 06 FF F8 00 00 FF 0E 4F AA AA F1 06 FF F7 
00 00 FF 0D 4D AA AA F1 06 FF F7 00 00 FF 0C 4C 
AA AA F1 06 FF F7 00 00 FF 0A 4A AA AA F1 06 FF 
F7 00 00 FF 09 49 AA AA F1 06 FF F7 00 00 FF 08 
48 AA AA F1 06 FF F6 00 00 FF 07 46 AA AA F1 06 
FF F6 00 00 FF 05 44 AA AA F1 06 FF F6 00 00 FF 
04 43 AA AA F1 06 FF AA F1 06 FF F6 00 00 FE FF 
3D AA AA F1 06 FF F6 00 01 FE FE 3D AA AA F1 06 
FF F6 00 01 FE FD 3C AA AA F1 06 FF F7 00 01 FE 
FC 3C AA AA F1 06 FF F7 00 02 FE FB FF F9 00 00 
FF 1A 5C AA AA F1 06 FF F9 00 00 FF 19 5B AA AA 
F1 06 FF F9 00 00 FF 18 5A AA AA F1 06 FF F9 00 
00 FF 17 59 AA AA F1 06 FF F9 00 00 FF 16 58 AA 
AA F1 06 FF F9 00 00 FF 15 57 AA AA F1 06 FF F8 
00 00 FF 14 55 AA AA F1 06 FF F8 00 00 FF 13 54 
AA AA F1 06 FF F8 00 00 FF 12 53 AA AA F1 06 FF 
F8 00 00 FF 11 52 AA AA F1 06 FF F8 00 00 FF 10 
51 AA AA F1 06 FF F8 00 00 FF 0E 4F AA AA F1 06 
FF F7 00 00 FF 0D 4D AA AA F1 06 FF F7 00 00 FF 
0C 4C AA AA F1 06 FF F7 00 00 FF 0A 4A AA AA F1 
06 FF F7 00 00 FF 09 49 AA AA F1 06 FF F7 00 00 
FF 08 48 AA AA F1 06 FF F6 00 00 FF 07 46 AA AA 
F1 06 FF F6 00 00 FF 05 44 AA AA F1 06 FF F6 00 
00 FF 04 43 AA AA F1 06 FF F6 00 00 FF 03 06 FF 
F6 00 00 FE FF 3D AA AA F1 06 FF F6 00 01 FE FE 
3D AA AA F1 06 FF F6 00 01 FE FD 3C AA AA F1 06 
FF F7 00 01 FE FC 3C AA AA F1 06 FF F7 00 02 FE 
FB FF F9 00 00 FF 1A 5C AA AA F1 06 FF F9 00 00 
FF 19 5B AA AA F1 06 FF F9 00 00 FF 18 5A AA AA 
F1 06 FF F9 00 00 FF 17 59 AA AA F1 06 FF F9 00 
00 FF 16 58 AA AA F1 06 FF F9 00 00 FF 15 57 AA 
AA F1 06 FF F8 00 00 FF 14 55 AA AA F1 06 FF F8 
00 00 FF 13 54 AA AA F1 06 FF F8 00 00 FF 12 53 
AA AA F1 06 FF F8 00 00 FF 11 52 AA AA F1 06 FF 
F8 00 00 FF 10 51 AA AA F1 06 FF F8 00 00 FF 0E 
4F AA AA F1 06 FF F7 00 00 FF 0D 4D AA AA F1 06 
FF F7 00 00 FF 0C 4C AA AA F1 06 FF F7 00 00 FF 
0A 4A AA AA F1 06 FF F7 00 00 FF 09 49 AA AA F1 
06 FF F7 00 00 FF 08 48 AA AA F1 06 FF F6 00 00 
FF 07 46 AA AA F1 06 FF F6 00 00 FF 05 44 AA AA 
F1 06 FF F6 00 00 FF 04 43 AA AA F1 06 FF F6 00 
00 FF 03 42 00 00 FE FF 3D AA AA F1 06 FF F6 00 
01 FE FE 3D AA AA F1 06 FF F6 00 01 FE FD 3C AA 
AA F1 06 FF F7 00 01 FE FC 3C AA AA F1 06 FF F7 
00 02 FE FB FF F9 00 00 FF 1A 5C AA AA F1 06 FF 
F9 00 00 FF 19 5B AA AA F1 06 FF F9 00 00 FF 18 
5A AA AA F1 06 FF F9 00 00 FF 17 59 AA AA F1 06 
FF F9 00 00 FF 16 58 AA AA F1 06 FF F9 00 00 FF 
15 57 AA AA F1 06 FF F8 00 00 FF 14 55 AA AA F1 
06 FF F8 00 00 FF 13 54 AA AA F1 06 FF F8 00 00 
FF 12 53 AA AA F1 06 FF F8 00 00 FF 11 52 AA AA 
F1 06 FF F8 00 00 FF 10 51 AA AA F1 06 FF F8 00 
00 FF 0E 4F AA AA F1 06 FF F7 00 00 FF 0D 4D AA 
AA F1 06 FF F7 00 00 FF 0C 4C AA AA F1 06 FF F7 
00 00 FF 0A 4A AA AA F1 06 FF F7 00 00 FF 09 49 
AA AA F1 06 FF F7 00 00 FF 08 48 AA AA F1 06 FF 
F6 00 00 FF 07 46 AA AA F1 06 FF F6 00 00 FF 05 
44 AA AA F1 06 FF F6 00 00 FF 04 43 AA AA F1 06 
FF 3D AA AA F1 06 FF F6 00 01 FE FE 3D AA AA F1 
06 FF F6 00 01 FE FD 3C AA AA F1 06 FF F7 00 01 
FE FC 3C AA AA F1 06 FF F7 00 02 FE FB FF F9 00 
00 FF 1A 5C AA AA F1 06 FF F9 00 00 FF 19 5B AA 
AA F1 06 FF F9 00 00 FF 18 5A AA AA F1 06 FF F9 
00 00 FF 17 59 AA AA F1 06 FF F9 00 00 FF 16 58 
AA AA F1 06 FF F9 00 00 FF 15 57 AA AA F1 06 FF 
F8 00 00 FF 14 55 AA AA F1 06 FF F8 00 00 FF 13 
54 AA AA F1 06 FF F8 00 00 FF 12 53 AA AA F1 06 
FF F8 00 00 FF 11 52 AA AA F1 06 FF F8 00 00 FF 
10 51 AA AA F1 06 FF F8 00 00 FF 0E 4F AA AA F1 
06 FF F7 00 00 FF 0D 4D AA AA F1 06 FF F7 00 00 
FF 0C 4C AA AA F1 06 FF F7 00 00 FF 0A 4A AA AA 
F1 06 FF F7 00 00 FF 09 49 AA AA F1 06 FF F7 00 
00 FF 08 48 AA AA F1 06 FF F6 00 00 FF 07 46 AA 
AA F1 06 FF F6 00 00 FF 05 44 AA AA F1 06 FF F6 
00 00 FF 04 43 AA AA F1 06 FF F6 00 00 FF 03 42 
00 00 FF 10 FF 3D AA AA F1 06 FF F6 00 01 FE FE 
3D AA AA F1 06 FF F6 00 01 FE FD 3C AA AA F1 06 
FF F7 00 01 FE FC 3C AA AA F1 06 FF F7 00 02 FE 
FB FF F9 00 00 FF 1A 5C AA AA F1 06 FF F9 00 00 
FF 19 5B AA AA F1 06 FF F9 00 00 FF 18 5A AA AA 
F1 06 FF F9 00 00 FF 17 59 AA AA F1 06 FF F9 00 
00 FF 16 58 AA AA F1 06 FF F9 00 00 FF 15 57 AA 
AA F1 06 FF F8 00 00 FF 14 55 AA AA F1 06 FF F8 
00 00 FF 13 54 AA AA F1 06 FF F8 00 00 FF 12 53 
AA AA F1 06 FF F8 00 00 FF 11 52 AA AA F1 06 FF 
F8 00 00 FF 10 51 AA AA F1 06 FF F8 00 00 FF 0E 
4F AA AA F1 06 FF F7 00 00 FF 0D 4D AA AA F1 06 
FF F7 00 00 FF 0C 4C AA AA F1 06 FF F7 00 00 FF 
0A 4A AA AA F1 06 FF F7 00 00 FF 09 49 AA AA F1 
06 FF F7 00 00 FF 08 48 AA AA F1 06 FF F6 00 00 
FF 07 46 AA AA F1 06 FF F6 00 00 FF 05 44 AA AA 
F1 06 FF F6 00 00 FF 04 43 AA AA F1 06 FF F6 00 
01 FE FE 3D AA AA F1 06 FF F6 00 01 FE FD 3C AA 
AA F1 06 FF F7 00 01 FE FC 3C AA AA F1 06 FF F7 
00 02 FE FB FF F9 00 00 FF 1A 5C AA AA F1 06 FF 
F9 00 00 FF 19 5B AA AA F1 06 FF F9 00 00 FF 18 
5A AA AA F1 06 FF F9 00 00 FF 17 59 AA AA F1 06 
FF F9 00 00 FF 16 58 AA AA F1 06 FF F9 00 00 FF 
15 57 AA AA F1 06 FF F8 00 00 FF 14 55 AA AA F1 
06 FF F8 00 00 FF 13 54 AA AA F1 06 FF F8 00 00 
FF 12 53 AA AA F1 06 FF F8 00 00 FF 11 52 AA AA 
F1 06 FF F8 00 00 FF 10 51 AA AA F1 06 FF F8 00 
00 FF 0E 4F AA AA F1 06 FF F7 00 00 FF 0D 4D AA 
AA F1 06 FF F7 00 00 FF 0C 4C AA AA F1 06 FF F7 
00 00 FF 0A 4A AA AA F1 06 FF F7 00 00 FF 09 49 
AA AA F1 06 FF F7 00 00 FF 08 48 AA AA F1 06 FF 
F6 00 00 FF 07 46 AA AA F1 06 FF F6 00 00 FF 05 
44 AA AA F1 06 FF F6 00 00 FF 04 43 AA AA F1 06 
FF F6 00 00 AA AA F1 06 FF F6 00 01 FE FD 3C AA 
AA F1 06 FF F7 00 01 FE FC 3C AA AA F1 06 FF F7 
00 02 FE FB FF F9 00 00 FF 1A 5C AA AA F1 06 FF 
F9 00 00 FF 19 5B AA AA F1 06 FF F9 00 00 FF 18 
5A AA AA F1 06 FF F9 00 00 FF 17 59 AA AA F1 06 
FF F9 00 00 FF 16 58 AA AA F1 06 FF F9 00 00 FF 
15 57 AA AA F1 06 FF F8 00 00 FF 14 55 AA AA F1 
06 FF F8 00 00 FF 13 54 AA AA F1 06 FF F8 00 00 
FF 12 53 AA AA F1 06 FF F8 00 00 FF 11 52 AA AA 
F1 06 FF F8 00 00 FF 10 51 AA AA F1 06 FF F8 00 
00 FF 0E 4F AA AA F1 06 FF F7 00 00 FF 0D 4D AA 
AA F1 06 FF F7 00 00 FF 0C 4C AA AA F1 06 FF F7 
00 00 FF 0A 4A AA AA F1 06 FF F7 00 00 FF 09 49 
AA AA F1 06 FF F7 00 00 FF 08 48 AA AA F1 06 FF 
F6 00 00 FF 07 46 AA AA F1 06 FF F6 00 00 FF 05 
44 AA AA F1 06 FF F6 00 00 FF 04 43 AA AA F1 06 
FF F6 00 00 FF 03 42 00 00 FE FE 3D AA AA F1 06 
FF F6 00 01 FE FD 3C AA AA F1 06 FF F7 00 01 FE 
FC 3C AA AA F1 06 FF F7 00 02 FE FB FF F9 00 00 
FF 1A 5C AA AA F1 06 FF F9 00 00 FF 19 5B AA AA 
F1 06 FF F9 00 00 FF 18 5A AA AA F1 06 FF F9 00 
00 FF 17 59 AA AA F1 06 FF F9 00 00 FF 16 58 AA 
AA F1 06 FF F9 00 00 FF 15 57 AA AA F1 06 FF F8 
00 00 FF 14 55 AA AA F1 06 FF F8 00 00 FF 13 54 
AA AA F1 06 FF F8 00 00 FF 12 53 AA AA F1 06 FF 
F8 00 00 FF 11 52 AA AA F1 06 FF F8 00 00 FF 10 
51 AA AA F1 06 FF F8 00 00 FF 0E 4F AA AA F1 06 
FF F7 00 00 FF 0D 4D AA AA F1 06 FF F7 00 00 FF 
0C 4C AA AA F1 06 FF F7 00 00 FF 0A 4A AA AA F1 
06 FF F7 00 00 FF 09 49 AA AA F1 06 FF F7 00 00 
FF 08 48 AA AA F1 06 FF F6 00 00 FF 07 46 AA AA 
F1 06 FF F6 00 00 FF 05 44 AA AA F1 06 FF F6 00 
00 FF 04 43 AA AA F1 06 FF AA F1 06 FF F6 00 00 
FE FF 3D AA AA F1 06 FF F6 00 01 FE FE 3D AA AA 
F1 06 FF F6 00 01 FE FD 3C AA AA F1 06 FF F7 00 
01 FE FC 3C AA AA F1 06 FF F7 00 02 FE FB FF F9 
00 00 FF 1A 5C AA AA F1 06 FF F9 00 00 FF 19 5B 
AA AA F1 06 FF F9 00 00 FF 18 5A AA AA F1 06 FF 
F9 00 00 FF 17 59 AA AA F1 06 FF F9 00 00 FF 16 
58 AA AA F1 06 FF F9 00 00 FF 15 57 AA AA F1 06 
FF F8 00 00 FF 14 55 AA AA F1 06 FF F8 00 00 FF 
13 54 AA AA F1 06 FF F8 00 00 FF 12 53 AA AA F1 
06 FF F8 00 00 FF 11 52 AA AA F1 06 FF F8 00 00 
FF 10 51 AA AA F1 06 FF F8 00 00 FF 0E 4F AA AA 
F1 06 FF F7 00 00 FF 0D 4D AA AA F1 06 FF F7 00 
00 FF 0C 4C AA AA F1 06 FF F7 00 00 FF 0A 4A AA 
AA F1 06 FF F7 00 00 FF 09 49 AA AA F1 06 FF F7 
00 00 FF 08 48 AA AA F1 06 FF F6 00 00 FF 07 46 
AA AA F1 06 FF F6 00 00 FF 05 44 AA AA F1 06 FF 
F6 00 00 FF 04 43 AA AA F1 06 FF F6 00 00 FF 03 
42 00 00 FF 10 06 FF F6 00 00 FE FF 3D AA AA F1 
06 FF F6 00 01 FE FE 3D AA AA F1 06 FF F6 00 01 
FE FD 3C AA AA F1 06 FF F7 00 01 FE FC 3C AA AA 
F1 06 FF F7 00 02 FE FB FF F9 00 00 FF 1A 5C AA 
AA F1 06 FF F9 00 00 FF 19 5B AA AA F1 06 FF F9 
00 00 FF 18 5A AA AA F1 06 FF F9 00 00 FF 17 59 
AA AA F1 06 FF F9 00 00 FF 16 58 AA AA F1 06 FF 
F9 00 00 FF 15 57 AA AA F1 06 FF F8 00 00 FF 14 
55 AA AA F1 06 FF F8 00 00 FF 13 54 AA AA F1 06 
FF F8 00 00 FF 12 53 AA AA F1 06 FF F8 00 00 FF 
11 52 AA AA F1 06 FF F8 00 00 FF 10 51 AA AA F1 
06 FF F8 00 00 FF 0E 4F AA AA F1 06 FF F7 00 00 
FF 0D 4D AA AA F1 06 FF F7 00 00 FF 0C 4C AA AA 
F1 06 FF F7 00 00 FF 0A 4A AA AA F1 06 FF F7 00 
00 FF 09 49 AA AA F1 06 FF F7 00 00 FF 08 48 AA 
AA F1 06 FF F6 00 00 FF 07 46 AA AA F1 06 FF F6 
00 00 FF 05 44 AA AA F1 06 FF F6 00 00 FF 04 43 
AA AA F1 06 FF F6 00 00 FE FF 3D AA AA F1 06 FF 
F6 00 01 FE FE 3D AA AA F1 06 FF F6 00 01 FE FD 
3C AA AA F1 06 FF F7 00 01 FE FC 3C AA AA F1 06 
FF F7 00 02 FE FB FF F9 00 00 FF 1A 5C AA AA F1 
06 FF F9 00 00 FF 19 5B AA AA F1 06 FF F9 00 00 
FF 18 5A AA AA F1 06 FF F9 00 00 FF 17 59 AA AA 
F1 06 FF F9 00 00 FF 16 58 AA AA F1 06 FF F9 00 
00 FF 15 57 AA AA F1 06 FF F8 00 00 FF 14 55 AA 
AA F1 06 FF F8 00 00 FF 13 54 AA AA F1 06 FF F8 
00 00 FF 12 53 AA AA F1 06 FF F8 00 00 FF 11 52 
AA AA F1 06 FF F8 00 00 FF 10 51 AA AA F1 06 FF 
F8 00 00 FF 0E 4F AA AA F1 06 FF F7 00 00 FF 0D 
4D AA AA F1 06 FF F7 00 00 FF 0C 4C AA AA F1 06 
FF F7 00 00 FF 0A 4A AA AA F1 06 FF F7 00 00 FF 
09 49 AA AA F1 06 FF F7 00 00 FF 08 48 AA AA F1 
06 FF F6 00 00 FF 07 46 AA AA F1 06 FF F6 00 00 
FF 05 44 AA AA F1 06 FF F6 00 00 FF 04 43 AA AA 
F1 06 FF FE FF 3D AA AA F1 06 FF F6 00 01 FE FE 
3D AA AA F1 06 FF F6 00 01 FE FD 3C AA AA F1 06 
FF F7 00 01 FE FC 3C AA AA F1 06 FF F7 00 02 FE 
FB FF F9 00 00 FF 1A 5C AA AA F1 06 FF F9 00 00 
FF 19 5B AA AA F1 06 FF F9 00 00 FF 18 5A AA AA 
F1 06 FF F9 00 00 FF 17 59 AA AA F1 06 FF F9 00 
00 FF 16 58 AA AA F1 06 FF F9 00 00 FF 15 57 AA 
AA F1 06 FF F8 00 00 FF 14 55 AA AA F1 06 FF F8 
00 00 FF 13 54 AA AA F1 06 FF F8 00 00 FF 12 53 
AA AA F1 06 FF F8 00 00 FF 11 52 AA AA F1 06 FF 
F8 00 00 FF 10 51 AA AA F1 06 FF F8 00 00 FF 0E 
4F AA AA F1 06 FF F7 00 00 FF 0D 4D AA AA F1 06 
FF F7 00 00 FF 0C 4C AA AA F1 06 FF F7 00 00 FF 
0A 4A AA AA F1 06 FF F7 00 00 FF 09 49 AA AA F1 
06 FF F7 00 00 FF 08 48 AA AA F1 06 FF F6 00 00 
FF 07 46 AA AA F1 06 FF F6 00 00 FF 05 44 AA AA 
F1 06 FF F6 00 00 FF 04 43 AA AA F1 06 FF F6 00 
00 FF 03 42 00 00 FF 10 51 FE FF 3D AA AA F1 06 
FF F6 00 01 FE FE 3D AA AA F1 06 FF F6 00 01 FE 
FD 3C AA AA F1 06 FF F7 00 01 FE FC 3C AA AA F1 
06 FF F7 00 02 FE FB FF F9 00 00 FF 1A 5C AA AA 
F1 06 FF F9 00 00 FF 19 5B AA AA F1 06 FF F9 00 
00 FF 18 5A AA AA F1 06 FF F9 00 00 FF 17 59 AA 
AA F1 06 FF F9 00 00 FF 16 58 AA AA F1 06 FF F9 
00 00 FF 15 57 AA AA F1 06 FF F8 00 00 FF 14 55 
AA AA F1 06 FF F8 00 00 FF 13 54 AA AA F1 06 FF 
F8 00 00 FF 12 53 AA AA F1 06 FF F8 00 00 FF 11 
52 AA AA F1 06 FF F8 00 00 FF 10 51 AA AA F1 06 
FF F8 00 00 FF 0E 4F AA AA F1 06 FF F7 00 00 FF 
0D 4D AA AA F1 06 FF F7 00 00 FF 0C 4C AA AA F1 
06 FF F7 00 00 FF 0A 4A AA AA F1 06 FF F7 00 00 
FF 09 49 AA AA F1 06 FF F7 00 00 FF 08 48 AA AA 
F1 06 FF F6 00 00 FF 07 46 AA AA F1 06 FF F6 00 
00 FF 05 44 AA AA F1 06 FF F6 00 00 FF 04 43 AA 
AA F1 06 FF F6 00 00 FF FE FE 3D AA AA F1 06 FF 
F6 00 01 FE FD 3C AA AA F1 06 FF F7 00 01 FE FC 
3C AA AA F1 06 FF F7 00 02 FE FB FF F9 00 00 FF 
1A 5C AA AA F1 06 FF F9 00 00 FF 19 5B AA AA F1 
06 FF F9 00 00 FF 18 5A AA AA F1 06 FF F9 00 00 
FF 17 59 AA AA F1 06 FF F9 00 00 FF 16 58 AA AA 
F1 06 FF F9 00 00 FF 15 57 AA AA F1 06 FF F8 00 
00 FF 14 55 AA AA F1 06 FF F8 00 00 FF 13 54 AA 
AA F1 06 FF F8 00 00 FF 12 53 AA AA F1 06 FF F8 
00 00 FF 11 52 AA AA F1 06 FF F8 00 00 FF 10 51 
AA AA F1 06 FF F8 00 00 FF 0E 4F AA AA F1 06 FF 
F7 00 00 FF 0D 4D AA AA F1 06 FF F7 00 00 FF 0C 
4C AA AA F1 06 FF F7 00 00 FF 0A 4A AA AA F1 06 
FF F7 00 00 FF 09 49 AA AA F1 06 FF F7 00 00 FF 
08 48 AA AA F1 06 FF F6 00 00 FF 07 46 AA AA F1 
06 FF F6 00 00 FF 05 44 AA AA F1 06 FF F6 00 00 
FF 04 43 AA AA F1 06 FF F6 00 00 FF 03 42 00 FD 
3C AA AA F1 06 FF F7 00 01 FE FC 3C AA AA F1 06 
FF F7 00 02 FE FB FF F9 00 00 FF 1A 5C AA AA F1 
06 FF F9 00 00 FF 19 5B AA AA F1 06 FF F9 00 00 
FF 18 5A AA AA F1 06 FF F9 00 00 FF 17 59 AA AA 
F1 06 FF F9 00 00 FF 16 58 AA AA F1 06 FF F9 00 
00 FF 15 57 AA AA F1 06 FF F8 00 00 FF 14 55 AA 
AA F1 06 FF F8 00 00 FF 13 54 AA AA F1 06 FF F8 
00 00 FF 12 53 AA AA F1 06 FF F8 00 00 FF 11 52 
AA AA F1 06 FF F8 00 00 FF 10 51 AA AA F1 06 FF 
F8 00 00 FF 0E 4F AA AA F1 06 FF F7 00 00 FF 0D 
4D AA AA F1 06 FF F7 00 00 FF 0C 4C AA AA F1 06 
FF F7 00 00 FF 0A 4A AA AA F1 06 FF F7 00 00 FF 
09 49 AA AA F1 06 FF F7 00 00 FF 08 48 AA AA F1 
06 FF F6 00 00 FF 07 46 AA AA F1 06 FF F6 00 00 
FF 05 44 AA AA F1 06 FF F6 00 00 FF 04 43 AA AA 
F1 06 FF 3D AA AA F1 06 FF F6 00 01 FE FE 3D AA 
AA F1 06 FF F6 00 01 FE FD 3C AA AA F1 06 FF F7 
00 01 FE FC 3C AA AA F1 06 FF F7 00 02 FE FB FF 
F9 00 00 FF 1A 5C AA AA F1 06 FF F9 00 00 FF 19 
5B AA AA F1 06 FF F9 00 00 FF 18 5A AA AA F1 06 
FF F9 00 00 FF 17 59 AA AA F1 06 FF F9 00 00 FF 
16 58 AA AA F1 06 FF F9 00 00 FF 15 57 AA AA F1 
06 FF F8 00 00 FF 14 55 AA AA F1 06 FF F8 00 00 
FF 13 54 AA AA F1 06 FF F8 00 00 FF 12 53 AA AA 
F1 06 FF F8 00 00 FF 11 52 AA AA F1 06 FF F8 00 
00 FF 10 51 AA AA F1 06 FF F8 00 00 FF 0E 4F AA 
AA F1 06 FF F7 00 00 FF 0D 4D AA AA F1 06 FF F7 
00 00 FF 0C 4C AA AA F1 06 FF F7 00 00 FF 0A 4A 
AA AA F1 06 FF F7 00 00 FF 09 49 AA AA F1 06 FF 
F7 00 00 FF 08 48 AA AA F1 06 FF F6 00 00 FF 07 
46 AA AA F1 06 FF F6 00 00 FF 05 44 AA AA F1 06 
FF F6 00 00 FF 04 43 AA AA F1 06 FF F6 00 00 FF 
03 42 00 00 FF 10 51 F1 06 FF F6 00 00 FE FF 3D 
AA AA F1 06 FF F6 00 01 FE FE 3D AA AA F1 06 FF 
F6 00 01 FE FD 3C AA AA F1 06 FF F7 00 01 FE FC 
3C AA AA F1 06 FF F7 00 02 FE FB FF F9 00 00 FF 
1A 5C AA AA F1 06 FF F9 00 00 FF 19 5B AA AA F1 
06 FF F9 00 00 FF 18 5A AA AA F1 06 FF F9 00 00 
FF 17 59 AA AA F1 06 FF F9 00 00 FF 16 58 AA AA 
F1 06 FF F9 00 00 FF 15 57 AA AA F1 06 FF F8 00 
00 FF 14 55 AA AA F1 06 FF F8 00 00 FF 13 54 AA 
AA F1 06 FF F8 00 00 FF 12 53 AA AA F1 06 FF F8 
00 00 FF 11 52 AA AA F1 06 FF F8 00 00 FF 10 51 
AA AA F1 06 FF F8 00 00 FF 0E 4F AA AA F1 06 FF 
F7 00 00 FF 0D 4D AA AA F1 06 FF F7 00 00 FF 0C 
4C AA AA F1 06 FF F7 00 00 FF 0A 4A AA AA F1 06 
FF F7 00 00 FF 09 49 AA AA F1 06 FF F7 00 00 FF 
08 48 AA AA F1 06 FF F6 00 00 FF 07 46 AA AA F1 
06 FF F6 00 00 FF 05 44 AA AA F1 06 FF F6 00 00 
FF 04 43 AA AA F1 06 FF 06 FF F6 00 00 FE FF 3D 
AA AA F1 06 FF F6 00 01 FE FE 3D AA AA F1 06 FF 
F6 00 01 FE FD 3C AA AA F1 06 FF F7 00 01 FE FC 
3C AA AA F1 06 FF F7 00 02 FE FB FF F9 00 00 FF 
1A 5C AA AA F1 06 FF F9 00 00 FF 19 5B AA AA F1 
06 FF F9 00 00 FF 18 5A AA AA F1 06 FF F9 00 00 
FF 17 59 AA AA F1 06 FF F9 00 00 FF 16 58 AA AA 
F1 06 FF F9 00 00 FF 15 57 AA AA F1 06 FF F8 00 
00 FF 14 55 AA AA F1 06 FF F8 00 00 FF 13 54 AA 
AA F1 06 FF F8 00 00 FF 12 53 AA AA F1 06 FF F8 
00 00 FF 11 52 AA AA F1 06 FF F8 00 00 FF 10 51 
AA AA F1 06 FF F8 00 00 FF 0E 4F AA AA F1 06 FF 
F7 00 00 FF 0D 4D AA AA F1 06 FF F7 00 00 FF 0C 
4C AA AA F1 06 FF F7 00 00 FF 0A 4A AA AA F1 06 
FF F7 00 00 FF 09 49 AA AA F1 06 FF F7 00 00 FF 
08 48 AA AA F1 06 FF F6 00 00 FF 07 46 AA AA F1 
06 FF F6 00 00 FF 05 44 AA AA F1 06 FF F6 00 00 
FF 04 43 AA AA F1 06 FF F6 00 00 FF 03 42 00 00 
FF 10 F6 00 00 FE FF 3D AA AA F1 06 FF F6 00 01 
FE FE 3D AA AA F1 06 FF F6 00 01 FE FD 3C AA AA 
F1 06 FF F7 00 01 FE FC 3C AA AA F1 06 FF F7 00 
02 FE FB FF F9 00 00 FF 1A 5C AA AA F1 06 FF F9 
00 00 FF 19 5B AA AA F1 06 FF F9 00 00 FF 18 5A 
AA AA F1 06 FF F9 00 00 FF 17 59 AA AA F1 06 FF 
F9 00 00 FF 16 58 AA AA F1 06 FF F9 00 00 FF 15 
57 AA AA F1 06 FF F8 00 00 FF 14 55 AA AA F1 06 
FF F8 00 00 FF 13 54 AA AA F1 06 FF F8 00 00 FF 
12 53 AA AA F1 06 FF F8 00 00 FF 11 52 AA AA F1 
06 FF F8 00 00 FF 10 51 AA AA F1 06 FF F8 00 00 
FF 0E 4F AA AA F1 06 FF F7 00 00 FF 0D 4D AA AA 
F1 06 FF F7 00 00 FF 0C 4C AA AA F1 06 FF F7 00 
00 FF 0A 4A AA AA F1 06 FF F7 00 00 FF 09 49 AA 
AA F1 06 FF F7 00 00 FF 08 48 AA AA F1 06 FF F6 
00 00 FF 07 46 AA AA F1 06 FF F6 00 00 FF 05 44 
AA AA F1 06 FF F6 00 00 FF 04 43 AA AA F1 06 FF 
F6 FF 3D AA AA F1 06 FF F6 00 01 FE FE 3D AA AA 
F1 06 FF F6 00 01 FE FD 3C AA AA F1 06 FF F7 00 
01 FE FC 3C AA AA F1 06 FF F7 00 02 FE FB FF F9 
00 00 FF 1A 5C AA AA F1 06 FF F9 00 00 FF 19 5B 
AA AA F1 06 FF F9 00 00 FF 18 5A AA AA F1 06 FF 
F9 00 00 FF 17 59 AA AA F1 06 FF F9 00 00 FF 16 
58 AA AA F1 06 FF F9 00 00 FF 15 57 AA AA F1 06 
FF F8 00 00 FF 14 55 AA AA F1 06 FF F8 00 00 FF 
13 54 AA AA F1 06 FF F8 00 00 FF 12 53 AA AA F1 
06 FF F8 00 00 FF 11 52 AA AA F1 06 FF F8 00 00 
FF 10 51 AA AA F1 06 FF F8 00 00 FF 0E 4F AA AA 
F1 06 FF F7 00 00 FF 0D 4D AA AA F1 06 FF F7 00 
00 FF 0C 4C AA AA F1 06 FF F7 00 00 FF 0A 4A AA 
AA F1 06 FF F7 00 00 FF 09 49 AA AA F1 06 FF F7 
00 00 FF 08 48 AA AA F1 06 FF F6 00 00 FF 07 46 
AA AA F1 06 FF F6 00 00 FF 05 44 AA AA F1 06 FF 
F6 00 00 FF 04 43 AA AA F1 06 FF F1 06 FF F6 00 
01 FE FE 3D AA AA F1 06 FF F6 00 01 FE FD 3C AA 
AA F1 06 FF F7 00 01 FE FC 3C AA AA F1 06 FF F7 
00 02 FE FB FF F9 00 00 FF 1A 5C AA AA F1 06 FF 
F9 00 00 FF 19 5B AA AA F1 06 FF F9 00 00 FF 18 
5A AA AA F1 06 FF F9 00 00 FF 17 59 AA AA F1 06 
FF F9 00 00 FF 16 58 AA AA F1 06 FF F9 00 00 FF 
15 57 AA AA F1 06 FF F8 00 00 FF 14 55 AA AA F1 
06 FF F8 00 00 FF 13 54 AA AA F1 06 FF F8 00 00 
FF 12 53 AA AA F1 06 FF F8 00 00 FF 11 52 AA AA 
F1 06 FF F8 00 00 FF 10 51 AA AA F1 06 FF F8 00 
00 FF 0E 4F AA AA F1 06 FF F7 00 00 FF 0D 4D AA 
AA F1 06 FF F7 00 00 FF 0C 4C AA AA F1 06 FF F7 
00 00 FF 0A 4A AA AA F1 06 FF F7 00 00 FF 09 49 
AA AA F1 06 FF F7 00 00 FF 08 48 AA AA F1 06 FF 
F6 00 00 FF 07 46 AA AA F1 06 FF F6 00 00 FF 05 
44 AA AA F1 06 FF F6 00 00 FF 04 43 AA AA F1 06 
FF F6 00 00 FF 03 42 00 00 FF 10 3D AA AA F1 06 
FF F6 00 01 FE FD 3C AA AA F1 06 FF F7 00 01 FE 
FC 3C AA AA F1 06 FF F7 00 02 FE FB FF F9 00 00 
FF 1A 5C AA AA F1 06 FF F9 00 00 FF 19 5B AA AA 
F1 06 FF F9 00 00 FF 18 5A AA AA F1 06 FF F9 00 
00 FF 17 59 AA AA F1 06 FF F9 00 00 FF 16 58 AA 
AA F1 06 FF F9 00 00 FF 15 57 AA AA F1 06 FF F8 
00 00 FF 14 55 AA AA F1 06 FF F8 00 00 FF 13 54 
AA AA F1 06 FF F8 00 00 FF 12 53 AA AA F1 06 FF 
F8 00 00 FF 11 52 AA AA F1 06 FF F8 00 00 FF 10 
51 AA AA F1 06 FF F8 00 00 FF 0E 4F AA AA F1 06 
FF F7 00 00 FF 0D 4D AA AA F1 06 FF F7 00 00 FF 
0C 4C AA AA F1 06 FF F7 00 00 FF 0A 4A AA AA F1 
06 FF F7 00 00 FF 09 49 AA AA F1 06 FF F7 00 00 
FF 08 48 AA AA F1 06 FF F6 00 00 FF 07 46 AA AA 
F1 06 FF F6 00 00 FF 05 44 AA AA F1 06 FF F6 00 
00 FF 04 43 AA AA F1 06 FF F6 01 FE FD 3C AA AA 
F1 06 FF F7 00 01 FE FC 3C AA AA F1 06 FF F7 00 
02 FE FB FF F9 00 00 FF 1A 5C AA AA F1 06 FF F9 
00 00 FF 19 5B AA AA F1 06 FF F9 00 00 FF 18 5A 
AA AA F1 06 FF F9 00 00 FF 17 59 AA AA F1 06 FF 
F9 00 00 FF 16 58 AA AA F1 06 FF F9 00 00 FF 15 
57 AA AA F1 06 FF F8 00 00 FF 14 55 AA AA F1 06 
FF F8 00 00 FF 13 54 AA AA F1 06 FF F8 00 00 FF 
12 53 AA AA F1 06 FF F8 00 00 FF 11 52 AA AA F1 
06 FF F8 00 00 FF 10 51 AA AA F1 06 FF F8 00 00 
FF 0E 4F AA AA F1 06 FF F7 00 00 FF 0D 4D AA AA 
F1 06 FF F7 00 00 FF 0C 4C AA AA F1 06 FF F7 00 
00 FF 0A 4A AA AA F1 06 FF F7 00 00 FF 09 49 AA 
AA F1 06 FF F7 00 00 FF 08 48 AA AA F1 06 FF F6 
00 00 FF 07 46 AA AA F1 06 FF F6 00 00 FF 05 44 
AA AA F1 06 FF F6 00 00 FF 04 43 AA AA F1 06 FF 
06 FF F6 00 00 FE FF 3D AA AA F1 06 FF F6 00 01 
FE FE 3D AA AA F1 06 FF F6 00 01 FE FD 3C AA AA 
F1 06 FF F7 00 01 FE FC 3C AA AA F1 06 FF F7 00 
02 FE FB FF F9 00 00 FF 1A 5C AA AA F1 06 FF F9 
00 00 FF 19 5B AA AA F1 06 FF F9 00 00 FF 18 5A 
AA AA F1 06 FF F9 00 00 FF 17 59 AA AA F1 06 FF 
F9 00 00 FF 16 58 AA AA F1 06 FF F9 00 00 FF 15 
57 AA AA F1 06 FF F8 00 00 FF 14 55 AA AA F1 06 
FF F8 00 00 FF 13 54 AA AA F1 06 FF F8 00 00 FF 
12 53 AA AA F1 06 FF F8 00 00 FF 11 52 AA AA F1 
06 FF F8 00 00 FF 10 51 AA AA F1 06 FF F8 00 00 
FF 0E 4F AA AA F1 06 FF F7 00 00 FF 0D 4D AA AA 
F1 06 FF F7 00 00 FF 0C 4C AA AA F1 06 FF F7 00 
00 FF 0A 4A AA AA F1 06 FF F7 00 00 FF 09 49 AA 
AA F1 06 FF F7 00 00 FF 08 48 AA AA F1 06 FF F6 
00 00 FF 07 46 AA AA F1 06 FF F6 00 00 FF 05 44 
AA AA F1 06 FF F6 00 00 FF 04 43 AA AA F1 06 FF 
F6 00 00 FF 03 42 00 00 FF 10 51 F1 06 FF F6 00 
00 FE FF 3D AA AA F1 06 FF F6 00 01 FE FE 3D AA 
AA F1 06 FF F6 00 01 FE FD 3C AA AA F1 06 FF F7 
00 01 FE FC 3C AA AA F1 06 FF F7 00 02 FE FB FF 
F9 00 00 FF 1A 5C AA AA F1 06 FF F9 00 00 FF 19 
5B AA AA F1 06 FF F9 00 00 FF 18 5A AA AA F1 06 
FF F9 00 00 FF 17 59 AA AA F1 06 FF F9 00 00 FF 
16 58 AA AA F1 06 FF F9 00 00 FF 15 57 AA AA F1 
06 FF F8 00 00 FF 14 55 AA AA F1 06 FF F8 00 00 
FF 13 54 AA AA F1 06 FF F8 00 00 FF 12 53 AA AA 
F1 06 FF F8 00 00 FF 11 52 AA AA F1 06 FF F8 00 
00 FF 10 51 AA AA F1 06 FF F8 00 00 FF 0E 4F AA 
AA F1 06 FF F7 00 00 FF 0D 4D AA AA F1 06 FF F7 
00 00 FF 0C 4C AA AA F1 06 FF F7 00 00 FF 0A 4A 
AA AA F1 06 FF F7 00 00 FF 09 49 AA AA F1 06 FF 
F7 00 00 FF 08 48 AA AA F1 06 FF F6 00 00 FF 07 
46 AA AA F1 06 FF F6 00 00 FF 05 44 AA AA F1 06 
FF F6 00 00 FF 04 43 AA AA F1 06 FF 3F AA AA F1 
06 FF F6 00 00 FE FF 3D AA AA F1 06 FF F6 00 01 
FE FE 3D AA AA F1 06 FF F6 00 01 FE FD 3C AA AA 
F1 06 FF F7 00 01 FE FC 3C AA AA F1 06 FF F7 00 
02 FE FB FF F9 00 00 FF 1A 5C AA AA F1 06 FF F9 
00 00 FF 19 5B AA AA F1 06 FF F9 00 00 FF 18 5A 
AA AA F1 06 FF F9 00 00 FF 17 59 AA AA F1 06 FF 
F9 00 00 FF 16 58 AA AA F1 06 FF F9 00 00 FF 15 
57 AA AA F1 06 FF F8 00 00 FF 14 55 AA AA F1 06 
FF F8 00 00 FF 13 54 AA AA F1 06 FF F8 00 00 FF 
12 53 AA AA F1 06 FF F8 00 00 FF 11 52 AA AA F1 
06 FF F8 00 00 FF 10 51 AA AA F1 06 FF F8 00 00 
FF 0E 4F AA AA F1 06 FF F7 00 00 FF 0D 4D AA AA 
F1 06 FF F7 00 00 FF 0C 4C AA AA F1 06 FF F7 00 
00 FF 0A 4A AA AA F1 06 FF F7 00 00 FF 09 49 AA 
AA F1 06 FF F7 00 00 FF 08 48 AA AA F1 06 FF F6 
00 00 FF 07 46 AA AA F1 06 FF F6 00 00 FF 05 44 
AA AA F1 06 FF F6 00 00 FF 04 43 AA AA F1 06 FF 
F6 00 00 FF 03 42 00 00 FF 10 F6 00 00 FE FF 3D 
AA AA F1 06 FF F6 00 01 FE FE 3D AA AA F1 06 FF 
F6 00 01 FE FD 3C AA AA F1 06 FF F7 00 01 FE FC 
3C AA AA F1 06 FF F7 00 02 FE FB FF F9 00 00 FF 
1A 5C AA AA F1 06 FF F9 00 00 FF 19 5B AA AA F1 
06 FF F9 00 00 FF 18 5A AA AA F1 06 FF F9 00 00 
FF 17 59 AA AA F1 06 FF F9 00 00 FF 16 58 AA AA 
F1 06 FF F9 00 00 FF 15 57 AA AA F1 06 FF F8 00 
00 FF 14 55 AA AA F1 06 FF F8 00 00 FF 13 54 AA 
AA F1 06 FF F8 00 00 FF 12 53 AA AA F1 06 FF F8 
00 00 FF 11 52 AA AA F1 06 FF F8 00 00 FF 10 51 
AA AA F1 06 FF F8 00 00 FF 0E 4F AA AA F1 06 FF 
F7 00 00 FF 0D 4D AA AA F1 06 FF F7 00 00 FF 0C 
4C AA AA F1 06 FF F7 00 00 FF 0A 4A AA AA F1 06 
FF F7 00 00 FF 09 49 AA AA F1 06 FF F7 00 00 FF 
08 48 AA AA F1 06 FF F6 00 00 FF 07 46 AA AA F1 
06 FF F6 00 00 FF 05 44 AA AA F1 06 FF F6 00 00 
FF 04 43 AA AA F1 06 FF F6 AA AA F1 06 FF F6 00 
01 FE FE 3D AA AA F1 06 FF F6 00 01 FE FD 3C AA 
AA F1 06 FF F7 00 01 FE FC 3C AA AA F1 06 FF F7 
00 02 FE FB FF F9 00 00 FF 1A 5C AA AA F1 06 FF 
F9 00 00 FF 19 5B AA AA F1 06 FF F9 00 00 FF 18 
5A AA AA F1 06 FF F9 00 00 FF 17 59 AA AA F1 06 
FF F9 00 00 FF 16 58 AA AA F1 06 FF F9 00 00 FF 
15 57 AA AA F1 06 FF F8 00 00 FF 14 55 AA AA F1 
06 FF F8 00 00 FF 13 54 AA AA F1 06 FF F8 00 00 
FF 12 53 AA AA F1 06 FF F8 00 00 FF 11 52 AA AA 
F1 06 FF F8 00 00 FF 10 51 AA AA F1 06 FF F8 00 
00 FF 0E 4F AA AA F1 06 FF F7 00 00 FF 0D 4D AA 
AA F1 06 FF F7 00 00 FF 0C 4C AA AA F1 06 FF F7 
00 00 FF 0A 4A AA AA F1 06 FF F7 00 00 FF 09 49 
AA AA F1 06 FF F7 00 00 FF 08 48 AA AA F1 06 FF 
F6 00 00 FF 07 46 AA AA F1 06 FF F6 00 00 FF 05 
44 AA AA F1 06 FF F6 00 00 FF 04 43 AA AA F1 06 
FF AA F1 06 FF F6 00 01 FE FE 3D AA AA F1 06 FF 
F6 00 01 FE FD 3C AA AA F1 06 FF F7 00 01 FE FC 
3C AA AA F1 06 FF F7 00 02 FE FB FF F9 00 00 FF 
1A 5C AA AA F1 06 FF F9 00 00 FF 19 5B AA AA F1 
06 FF F9 00 00 FF 18 5A AA AA F1 06 FF F9 00 00 
FF 17 59 AA AA F1 06 FF F9 00 00 FF 16 58 AA AA 
F1 06 FF F9 00 00 FF 15 57 AA AA F1 06 FF F8 00 
00 FF 14 55 AA AA F1 06 FF F8 00 00 FF 13 54 AA 
AA F1 06 FF F8 00 00 FF 12 53 AA AA F1 06 FF F8 
00 00 FF 11 52 AA AA F1 06 FF F8 00 00 FF 10 51 
AA AA F1 06 FF F8 00 00 FF 0E 4F AA AA F1 06 FF 
F7 00 00 FF 0D 4D AA AA F1 06 FF F7 00 00 FF 0C 
4C AA AA F1 06 FF F7 00 00 FF 0A 4A AA AA F1 06 
FF F7 00 00 FF 09 49 AA AA F1 06 FF F7 00 00 FF 
08 48 AA AA F1 06 FF F6 00 00 FF 07 46 AA AA F1 
06 FF F6 00 00 FF 05 44 AA AA F1 06 FF F6 00 00 
FF 04 43 AA AA F1 06 FF F6 00 00 FF 03 42 00 00 
FF 10 51 00 01 FE FE 3D AA AA F1 06 FF F6 00 01 
FE FD 3C AA AA F1 06 FF F7 00 01 FE FC 3C AA AA 
F1 06 FF F7 00 02 FE FB FF F9 00 00 FF 1A 5C AA 
AA F1 06 FF F9 00 00 FF 19 5B AA AA F1 06 FF F9 
00 00 FF 18 5A AA AA F1 06 FF F9 00 00 FF 17 59 
AA AA F1 06 FF F9 00 00 FF 16 58 AA AA F1 06 FF 
F9 00 00 FF 15 57 AA AA F1 06 FF F8 00 00 FF 14 
55 AA AA F1 06 FF F8 00 00 FF 13 54 AA AA F1 06 
FF F8 00 00 FF 12 53 AA AA F1 06 FF F8 00 00 FF 
11 52 AA AA F1 06 FF F8 00 00 FF 10 51 AA AA F1 
06 FF F8 00 00 FF 0E 4F AA AA F1 06 FF F7 00 00 
FF 0D 4D AA AA F1 06 FF F7 00 00 FF 0C 4C AA AA 
F1 06 FF F7 00 00 FF 0A 4A AA AA F1 06 FF F7 00 
00 FF 09 49 AA AA F1 06 FF F7 00 00 FF 08 48 AA 
AA F1 06 FF F6 00 00 FF 07 46 AA AA F1 06 FF F6 
00 00 FF 05 44 AA AA F1 06 FF F6 00 00 FF 04 43 
AA AA F1 06 FF F6 00 01 FE FD 3C AA AA F1 06 FF 
F7 00 01 FE FC 3C AA AA F1 06 FF F7 00 02 FE FB 
FF F9 00 00 FF 1A 5C AA AA F1 06 FF F9 00 00 FF 
19 5B AA AA F1 06 FF F9 00 00 FF 18 5A AA AA F1 
06 FF F9 00 00 FF 17 59 AA AA F1 06 FF F9 00 00 
FF 16 58 AA AA F1 06 FF F9 00 00 FF 15 57 AA AA 
F1 06 FF F8 00 00 FF 14 55 AA AA F1 06 FF F8 00 
00 FF 13 54 AA AA F1 06 FF F8 00 00 FF 12 53 AA 
AA F1 06 FF F8 00 00 FF 11 52 AA AA F1 06 FF F8 
00 00 FF 10 51 AA AA F1 06 FF F8 00 00 FF 0E 4F 
AA AA F1 06 FF F7 00 00 FF 0D 4D AA AA F1 06 FF 
F7 00 00 FF 0C 4C AA AA F1 06 FF F7 00 00 FF 0A 
4A AA AA F1 06 FF F7 00 00 FF 09 49 AA AA F1 06 
FF F7 00 00 FF 08 48 AA AA F1 06 FF F6 00 00 FF 
07 46 AA AA F1 06 FF F6 00 00 FF 05 44 AA AA F1 
06 FF F6 00 00 FF 04 43 AA AA F1 06 FF F6 06 FF 
F6 00 00 FE FF 3D AA AA F1 06 FF F6 00 01 FE FE 
3D AA AA F1 06 FF F6 00 01 FE FD 3C AA AA F1 06 
FF F7 00 01 FE FC 3C AA AA F1 06 FF F7 00 02 FE 
FB FF F9 00 00 FF 1A 5C AA AA F1 06 FF F9 00 00 
FF 19 5B AA AA F1 06 FF F9 00 00 FF 18 5A AA AA 
F1 06 FF F9 00 00 FF 17 59 AA AA F1 06 FF F9 00 
00 FF 16 58 AA AA F1 06 FF F9 00 00 FF 15 57 AA 
AA F1 06 FF F8 00 00 FF 14 55 AA AA F1 06 FF F8 
00 00 FF 13 54 AA AA F1 06 FF F8 00 00 FF 12 53 
AA AA F1 06 FF F8 00 00 FF 11 52 AA AA F1 06 FF 
F8 00 00 FF 10 51 AA AA F1 06 FF F8 00 00 FF 0E 
4F AA AA F1 06 FF F7 00 00 FF 0D 4D AA AA F1 06 
FF F7 00 00 FF 0C 4C AA AA F1 06 FF F7 00 00 FF 
0A 4A AA AA F1 06 FF F7 00 00 FF 09 49 AA AA F1 
06 FF F7 00 00 FF 08 48 AA AA F1 06 FF F6 00 00 
FF 07 46 AA AA F1 06 FF F6 00 00 FF 05 44 AA AA 
F1 06 FF F6 00 00 FF 04 43 AA AA F1 06 FF F6 00 
00 FF 03 42 00 00 FF 10 06 FF F6 00 00 FE FF 3D 
AA AA F1 06 FF F6 00 01 FE FE 3D AA AA F1 06 FF 
F6 00 01 FE FD 3C AA AA F1 06 FF F7 00 01 FE FC 
3C AA AA F1 06 FF F7 00 02 FE FB FF F9 00 00 FF 
1A 5C AA AA F1 06 FF F9 00 00 FF 19 5B AA AA F1 
06 FF F9 00 00 FF 18 5A AA AA F1 06 FF F9 00 00 
FF 17 59 AA AA F1 06 FF F9 00 00 FF 16 58 AA AA 
F1 06 FF F9 00 00 FF 15 57 AA AA F1 06 FF F8 00 
00 FF 14 55 AA AA F1 06 FF F8 00 00 FF 13 54 AA 
AA F1 06 FF F8 00 00 FF 12 53 AA AA F1 06 FF F8 
00 00 FF 11 52 AA AA F1 06 FF F8 00 00 FF 10 51 
AA AA F1 06 FF F8 00 00 FF 0E 4F AA AA F1 06 FF 
F7 00 00 FF 0D 4D AA AA F1 06 FF F7 00 00 FF 0C 
4C AA AA F1 06 FF F7 00 00 FF 0A 4A AA AA F1 06 
FF F7 00 00 FF 09 49 AA AA F1 06 FF F7 00 00 FF 
08 48 AA AA F1 06 FF F6 00 00 FF 07 46 AA AA F1 
06 FF F6 00 00 FF 05 44 AA AA F1 06 FF F6 00 00 
FF 04 43 AA AA F1 06 FF FF F6 00 00 FE FF 3D AA 
AA F1 06 FF F6 00 01 FE FE 3D AA AA F1 06 FF F6 
00 01 FE FD 3C AA AA F1 06 FF F7 00 01 FE FC 3C 
AA AA F1 06 FF F7 00 02 FE FB FF F9 00 00 FF 1A 
5C AA AA F1 06 FF F9 00 00 FF 19 5B AA AA F1 06 
FF F9 00 00 FF 18 5A AA AA F1 06 FF F9 00 00 FF 
17 59 AA AA F1 06 FF F9 00 00 FF 16 58 AA AA F1 
06 FF F9 00 00 FF 15 57 AA AA F1 06 FF F8 00 00 
FF 14 55 AA AA F1 06 FF F8 00 00 FF 13 54 AA AA 
F1 06 FF F8 00 00 FF 12 53 AA AA F1 06 FF F8 00 
00 FF 11 52 AA AA F1 06 FF F8 00 00 FF 10 51 AA 
AA F1 06 FF F8 00 00 FF 0E 4F AA AA F1 06 FF F7 
00 00 FF 0D 4D AA AA F1 06 FF F7 00 00 FF 0C 4C 
AA AA F1 06 FF F7 00 00 FF 0A 4A AA AA F1 06 FF 
F7 00 00 FF 09 49 AA AA F1 06 FF F7 00 00 FF 08 
48 AA AA F1 06 FF F6 00 00 FF 07 46 AA AA F1 06 
FF F6 00 00 FF 05 44 AA AA F1 06 FF F6 00 00 FF 
04 43 AA AA F1 06 FF F6 00 00 FF 03 42 00 00 FF 
10 F6 00 00 FE FF 3D AA AA F1 06 FF F6 00 01 FE 
FE 3D AA AA F1 06 FF F6 00 01 FE FD 3C AA AA F1 
06 FF F7 00 01 FE FC 3C AA AA F1 06 FF F7 00 02 
FE FB FF F9 00 00 FF 1A 5C AA AA F1 06 FF F9 00 
00 FF 19 5B AA AA F1 06 FF F9 00 00 FF 18 5A AA 
AA F1 06 FF F9 00 00 FF 17 59 AA AA F1 06 FF F9 
00 00 FF 16 58 AA AA F1 06 FF F9 00 00 FF 15 57 
AA AA F1 06 FF F8 00 00 FF 14 55 AA AA F1 06 FF 
F8 00 00 FF 13 54 AA AA F1 06 FF F8 00 00 FF 12 
53 AA AA F1 06 FF F8 00 00 FF 11 52 AA AA F1 06 
FF F8 00 00 FF 10 51 AA AA F1 06 FF F8 00 00 FF 
0E 4F AA AA F1 06 FF F7 00 00 FF 0D 4D AA AA F1 
06 FF F7 00 00 FF 0C 4C AA AA F1 06 FF F7 00 00 
FF 0A 4A AA AA F1 06 FF F7 00 00 FF 09 49 AA AA 
F1 06 FF F7 00 00 FF 08 48 AA AA F1 06 FF F6 00 
00 FF 07 46 AA AA F1 06 FF F6 00 00 FF 05 44 AA 
AA F1 06 FF F6 00 00 FF 04 43 AA AA F1 06 FF F6 
3D AA AA F1 06 FF F6 00 01 FE FE 3D AA AA F1 06 
FF F6 00 01 FE FD 3C AA AA F1 06 FF F7 00 01 FE 
FC 3C AA AA F1 06 FF F7 00 02 FE FB FF F9 00 00 
FF 1A 5C AA AA F1 06 FF F9 00 00 FF 19 5B AA AA 
F1 06 FF F9 00 00 FF 18 5A AA AA F1 06 FF F9 00 
00 FF 17 59 AA AA F1 06 FF F9 00 00 FF 16 58 AA 
AA F1 06 FF F9 00 00 FF 15 57 AA AA F1 06 FF F8 
00 00 FF 14 55 AA AA F1 06 FF F8 00 00 FF 13 54 
AA AA F1 06 FF F8 00 00 FF 12 53 AA AA F1 06 FF 
F8 00 00 FF 11 52 AA AA F1 06 FF F8 00 00 FF 10 
51 AA AA F1 06 FF F8 00 00 FF 0E 4F AA AA F1 06 
FF F7 00 00 FF 0D 4D AA AA F1 06 FF F7 00 00 FF 
0C 4C AA AA F1 06 FF F7 00 00 FF 0A 4A AA AA F1 
06 FF F7 00 00 FF 09 49 AA AA F1 06 FF F7 00 00 
FF 08 48 AA AA F1 06 FF F6 00 00 FF 07 46 AA AA 
F1 06 FF F6 00 00 FF 05 44 AA AA F1 06 FF F6 00 
00 FF 04 43 AA AA F1 06 FF 06 FF F6 00 01 FE FE 
3D AA AA F1 06 FF F6 00 01 FE FD 3C AA AA F1 06 
FF F7 00 01 FE FC 3C AA AA F1 06 FF F7 00 02 FE 
FB FF F9 00 00 FF 1A 5C AA AA F1 06 FF F9 00 00 
FF 19 5B AA AA F1 06 FF F9 00 00 FF 18 5A AA AA 
F1 06 FF F9 00 00 FF 17 59 AA AA F1 06 FF F9 00 
00 FF 16 58 AA AA F1 06 FF F9 00 00 FF 15 57 AA 
AA F1 06 FF F8 00 00 FF 14 55 AA AA F1 06 FF F8 
00 00 FF 13 54 AA AA F1 06 FF F8 00 00 FF 12 53 
AA AA F1 06 FF F8 00 00 FF 11 52 AA AA F1 06 FF 
F8 00 00 FF 10 51 AA AA F1 06 FF F8 00 00 FF 0E 
4F AA AA F1 06 FF F7 00 00 FF 0D 4D AA AA F1 06 
FF F7 00 00 FF 0C 4C AA AA F1 06 FF F7 00 00 FF 
0A 4A AA AA F1 06 FF F7 00 00 FF 09 49 AA AA F1 
06 FF F7 00 00 FF 08 48 AA AA F1 06 FF F6 00 00 
FF 07 46 AA AA F1 06 FF F6 00 00 FF 05 44 AA AA 
F1 06 FF F6 00 00 FF 04 43 AA AA F1 06 FF F6 00 
00 FF 03 42 00 00 FF 10 51 00 01 FE FE 3D AA AA 
F1 06 FF F6 00 01 FE FD 3C AA AA F1 06 FF F7 00 
01 FE FC 3C AA AA F1 06 FF F7 00 02 FE FB FF F9 
00 00 FF 1A 5C AA AA F1 06 FF F9 00 00 FF 19 5B 
AA AA F1 06 FF F9 00 00 FF 18 5A AA AA F1 06 FF 
F9 00 00 FF 17 59 AA AA F1 06 FF F9 00 00 FF 16 
58 AA AA F1 06 FF F9 00 00 FF 15 57 AA AA F1 06 
FF F8 00 00 FF 14 55 AA AA F1 06 FF F8 00 00 FF 
13 54 AA AA F1 06 FF F8 00 00 FF 12 53 AA AA F1 
06 FF F8 00 00 FF 11 52 AA AA F1 06 FF F8 00 00 
FF 10 51 AA AA F1 06 FF F8 00 00 FF 0E 4F AA AA 
F1 06 FF F7 00 00 FF 0D 4D AA AA F1 06 FF F7 00 
00 FF 0C 4C AA AA F1 06 FF F7 00 00 FF 0A 4A AA 
AA F1 06 FF F7 00 00 FF 09 49 AA AA F1 06 FF F7 
00 00 FF 08 48 AA AA F1 06 FF F6 00 00 FF 07 46 
AA AA F1 06 FF F6 00 00 FF 05 44 AA AA F1 06 FF 
F6 00 00 FF 04 43 AA AA F1 06 FF 06 FF F6 00 01 
FE FD 3C AA AA F1 06 FF F7 00 01 FE FC 3C AA AA 
F1 06 FF F7 00 02 FE FB FF F9 00 00 FF 1A 5C AA 
AA F1 06 FF F9 00 00 FF 19 5B AA AA F1 06 FF F9 
00 00 FF 18 5A AA AA F1 06 FF F9 00 00 FF 17 59 
AA AA F1 06 FF F9 00 00 FF 16 58 AA AA F1 06 FF 
F9 00 00 FF 15 57 AA AA F1 06 FF F8 00 00 FF 14 
55 AA AA F1 06 FF F8 00 00 FF 13 54 AA AA F1 06 
FF F8 00 00 FF 12 53 AA AA F1 06 FF F8 00 00 FF 
11 52 AA AA F1 06 FF F8 00 00 FF 10 51 AA AA F1 
06 FF F8 00 00 FF 0E 4F AA AA F1 06 FF F7 00 00 
FF 0D 4D AA AA F1 06 FF F7 00 00 FF 0C 4C AA AA 
F1 06 FF F7 00 00 FF 0A 4A AA AA F1 06 FF F7 00 
00 FF 09 49 AA AA F1 06 FF F7 00 00 FF 08 48 AA 
AA F1 06 FF F6 00 00 FF 07 46 AA AA F1 06 FF F6 
00 00 FF 05 44 AA AA F1 06 FF F6 00 00 FF 04 43 
AA AA F1 06 FF F6 00 00 FF 03 42 00 00 FF 10 FF 
F6 00 00 FE FF 3D AA AA F1 06 FF F6 00 01 FE FE 
3D AA AA F1 06 FF F6 00 01 FE FD 3C AA AA F1 06 
FF F7 00 01 FE FC 3C AA AA F1 06 FF F7 00 02 FE 
FB FF F9 00 00 FF 1A 5C AA AA F1 06 FF F9 00 00 
FF 19 5B AA AA F1 06 FF F9 00 00 FF 18 5A AA AA 
F1 06 FF F9 00 00 FF 17 59 AA AA F1 06 FF F9 00 
00 FF 16 58 AA AA F1 06 FF F9 00 00 FF 15 57 AA 
AA F1 06 FF F8 00 00 FF 14 55 AA AA F1 06 FF F8 
00 00 FF 13 54 AA AA F1 06 FF F8 00 00 FF 12 53 
AA AA F1 06 FF F8 00 00 FF 11 52 AA AA F1 06 FF 
F8 00 00 FF 10 51 AA AA F1 06 FF F8 00 00 FF 0E 
4F AA AA F1 06 FF F7 00 00 FF 0D 4D AA AA F1 06 
FF F7 00 00 FF 0C 4C AA AA F1 06 FF F7 00 00 FF 
0A 4A AA AA F1 06 FF F7 00 00 FF 09 49 AA AA F1 
06 FF F7 00 00 FF 08 48 AA AA F1 06 FF F6 00 00 
FF 07 46 AA AA F1 06 FF F6 00 00 FF 05 44 AA AA 
F1 06 FF F6 00 00 FF 04 43 AA AA F1 06 FF F6 00 
00 FE FF 3D AA AA F1 06 FF F6 00 01 FE FE 3D AA 
AA F1 06 FF F6 00 01 FE FD 3C AA AA F1 06 FF F7 
00 01 FE FC 3C AA AA F1 06 FF F7 00 02 FE FB FF 
F9 00 00 FF 1A 5C AA AA F1 06 FF F9 00 00 FF 19 
5B AA AA F1 06 FF F9 00 00 FF 18 5A AA AA F1 06 
FF F9 00 00 FF 17 59 AA AA F1 06 FF F9 00 00 FF 
16 58 AA AA F1 06 FF F9 00 00 FF 15 57 AA AA F1 
06 FF F8 00 00 FF 14 55 AA AA F1 06 FF F8 00 00 
FF 13 54 AA AA F1 06 FF F8 00 00 FF 12 53 AA AA 
F1 06 FF F8 00 00 FF 11 52 AA AA F1 06 FF F8 00 
00 FF 10 51 AA AA F1 06 FF F8 00 00 FF 0E 4F AA 
AA F1 06 FF F7 00 00 FF 0D 4D AA AA F1 06 FF F7 
00 00 FF 0C 4C AA AA F1 06 FF F7 00 00 FF 0A 4A 
AA AA F1 06 FF F7 00 00 FF 09 49 AA AA F1 06 FF 
F7 00 00 FF 08 48 AA AA F1 06 FF F6 00 00 FF 07 
46 AA AA F1 06 FF F6 00 00 FF 05 44 AA AA F1 06 
FF F6 00 00 FF 04 43 AA AA F1 06 FF FF 3D AA AA 
F1 06 FF F6 00 01 FE FE 3D AA AA F1 06 FF F6 00 
01 FE FD 3C AA AA F1 06 FF F7 00 01 FE FC 3C AA 
AA F1 06 FF F7 00 02 FE FB FF F9 00 00 FF 1A 5C 
AA AA F1 06 FF F9 00 00 FF 19 5B AA AA F1 06 FF 
F9 00 00 FF 18 5A AA AA F1 06 FF F9 00 00 FF 17 
59 AA AA F1 06 FF F9 00 00 FF 16 58 AA AA F1 06 
FF F9 00 00 FF 15 57 AA AA F1 06 FF F8 00 00 FF 
14 55 AA AA F1 06 FF F8 00 00 FF 13 54 AA AA F1 
06 FF F8 00 00 FF 12 53 AA AA F1 06 FF F8 00 00 
FF 11 52 AA AA F1 06 FF F8 00 00 FF 10 51 AA AA 
F1 06 FF F8 00 00 FF 0E 4F AA AA F1 06 FF F7 00 
00 FF 0D 4D AA AA F1 06 FF F7 00 00 FF 0C 4C AA 
AA F1 06 FF F7 00 00 FF 0A 4A AA AA F1 06 FF F7 
00 00 FF 09 49 AA AA F1 06 FF F7 00 00 FF 08 48 
AA AA F1 06 FF F6 00 00 FF 07 46 AA AA F1 06 FF 
F6 00 00 FF 05 44 AA AA F1 06 FF F6 00 00 FF 04 
43 AA AA F1 06 FF F6 00 00 FF 03 42 00 00 FF 10 
51 3D AA AA F1 06 FF F6 00 01 FE FE 3D AA AA F1 
06 FF F6 00 01 FE FD 3C AA AA F1 06 FF F7 00 01 
FE FC 3C AA AA F1 06 FF F7 00 02 FE FB FF F9 00 
00 FF 1A 5C AA AA F1 06 FF F9 00 00 FF 19 5B AA 
AA F1 06 FF F9 00 00 FF 18 5A AA AA F1 06 FF F9 
00 00 FF 17 59 AA AA F1 06 FF F9 00 00 FF 16 58 
AA AA F1 06 FF F9 00 00 FF 15 57 AA AA F1 06 FF 
F8 00 00 FF 14 55 AA AA F1 06 FF F8 00 00 FF 13 
54 AA AA F1 06 FF F8 00 00 FF 12 53 AA AA F1 06 
FF F8 00 00 FF 11 52 AA AA F1 06 FF F8 00 00 FF 
10 51 AA AA F1 06 FF F8 00 00 FF 0E 4F AA AA F1 
06 FF F7 00 00 FF 0D 4D AA AA F1 06 FF F7 00 00 
FF 0C 4C AA AA F1 06 FF F7 00 00 FF 0A 4A AA AA 
F1 06 FF F7 00 00 FF 09 49 AA AA F1 06 FF F7 00 
00 FF 08 48 AA AA F1 06 FF F6 00 00 FF 07 46 AA 
AA F1 06 FF F6 00 00 FF 05 44 AA AA F1 06 FF F6 
00 00 FF 04 43 AA AA F1 06 FF FF F6 00 01 FE FE 
3D AA AA F1 06 FF F6 00 01 FE FD 3C AA AA F1 06 
FF F7 00 01 FE FC 3C AA AA F1 06 FF F7 00 02 FE 
FB FF F9 00 00 FF 1A 5C AA AA F1 06 FF F9 00 00 
FF 19 5B AA AA F1 06 FF F9 00 00 FF 18 5A AA AA 
F1 06 FF F9 00 00 FF 17 59 AA AA F1 06 FF F9 00 
00 FF 16 58 AA AA F1 06 FF F9 00 00 FF 15 57 AA 
AA F1 06 FF F8 00 00 FF 14 55 AA AA F1 06 FF F8 
00 00 FF 13 54 AA AA F1 06 FF F8 00 00 FF 12 53 
AA AA F1 06 FF F8 00 00 FF 11 52 AA AA F1 06 FF 
F8 00 00 FF 10 51 AA AA F1 06 FF F8 00 00 FF 0E 
4F AA AA F1 06 FF F7 00 00 FF 0D 4D AA AA F1 06 
FF F7 00 00 FF 0C 4C AA AA F1 06 FF F7 00 00 FF 
0A 4A AA AA F1 06 FF F7 00 00 FF 09 49 AA AA F1 
06 FF F7 00 00 FF 08 48 AA AA F1 06 FF F6 00 00 
FF
